#
# A fatal error has been detected by the Java Runtime Environment:
#
#  EXCEPTION_ACCESS_VIOLATION (0xc0000005) at pc=0x00007fffd31be0a9, pid=9000, tid=14376
#
# JRE version: OpenJDK Runtime Environment Microsoft-8035246 (17.0.8+7) (build 17.0.8+7-LTS)
# Java VM: OpenJDK 64-Bit Server VM Microsoft-8035246 (17.0.8+7-LTS, mixed mode, sharing, tiered, compressed oops, compressed class ptrs, g1 gc, windows-amd64)
# Problematic frame:
# V  [jvm.dll+0x2be0a9]
#
# No core dump will be written. Minidumps are not enabled by default on client versions of Windows
#
# If you would like to submit a bug report, please visit:
#   https://github.com/microsoft/openjdk/issues
#

---------------  S U M M A R Y ------------

Command Line: -XX:MaxMetaspaceSize=512m --add-opens=java.base/java.util=ALL-UNNAMED --add-opens=java.base/java.lang=ALL-UNNAMED --add-opens=java.base/java.lang.invoke=ALL-UNNAMED --add-opens=java.prefs/java.util.prefs=ALL-UNNAMED --add-opens=java.base/java.nio.charset=ALL-UNNAMED --add-opens=java.base/java.net=ALL-UNNAMED --add-opens=java.base/java.util.concurrent.atomic=ALL-UNNAMED -Xmx2048m -Dfile.encoding=windows-1252 -Duser.country=US -Duser.language=en -Duser.variant -javaagent:C:\Users\manzo\.gradle\wrapper\dists\gradle-8.8-all\6gdy1pgp427xkqcjbxw3ylt6h\gradle-8.8\lib\agents\gradle-instrumentation-agent-8.8.jar org.gradle.launcher.daemon.bootstrap.GradleDaemon 8.8

Host: Intel(R) Celeron(R) N4000 CPU @ 1.10GHz, 2 cores, 3G,  Windows 11 , 64 bit Build 22000 (10.0.22000.2538)
Time: Wed Oct  9 17:41:55 2024 Pakistan Standard Time elapsed time: 96.874549 seconds (0d 0h 1m 36s)

---------------  T H R E A D  ---------------

Current thread (0x00000235b47cd160):  JavaThread "C2 CompilerThread0" daemon [_thread_in_native, id=14376, stack(0x00000072d9d00000,0x00000072d9e00000)]


Current CompileTask:
C2:  96874 11147   !   4       java.util.concurrent.FutureTask::run (123 bytes)

Stack: [0x00000072d9d00000,0x00000072d9e00000],  sp=0x00000072d9dfb810,  free space=1006k
Native frames: (J=compiled Java code, j=interpreted, Vv=VM code, C=native code)
V  [jvm.dll+0x2be0a9]
V  [jvm.dll+0x21ba8b]
V  [jvm.dll+0x21944b]
V  [jvm.dll+0x1a56b6]
V  [jvm.dll+0x2291ea]
V  [jvm.dll+0x22724c]
V  [jvm.dll+0x7efd0c]
V  [jvm.dll+0x7ea13a]
V  [jvm.dll+0x67ad85]
C  [ucrtbase.dll+0x26c0c]
C  [KERNEL32.DLL+0x153e0]
C  [ntdll.dll+0x485b]


siginfo: EXCEPTION_ACCESS_VIOLATION (0xc0000005), reading address 0x0000000000000028


Register to memory mapping:

RIP=0x00007fffd31be0a9 jvm.dll
RAX=0x00000235d6318b10 points into unknown readable memory: 0x0000000000000000 | 00 00 00 00 00 00 00 00
RBX=0x0000000000001a4f is an unknown value
RCX=0x0 is NULL
RDX=0x0 is NULL
RSP=0x00000072d9dfb810 is pointing into the stack for thread: 0x00000235b47cd160
RBP=0x00000072d9dfb880 is pointing into the stack for thread: 0x00000235b47cd160
RSI=0x0 is NULL
RDI=0x0000000000000048 is an unknown value
R8 =0x000000000000ffe0 is an unknown value
R9 =0x0 is NULL
R10=0x00007ff833830000 VCRUNTIME140.dll
R11=0x00000235d6318b30 points into unknown readable memory: 0x0000000000000000 | 00 00 00 00 00 00 00 00
R12=0x0000000000000050 is an unknown value
R13=0x0 is NULL
R14=0x0 is NULL
R15=0x00000072d9dfea30 is pointing into the stack for thread: 0x00000235b47cd160


Registers:
RAX=0x00000235d6318b10, RBX=0x0000000000001a4f, RCX=0x0000000000000000, RDX=0x0000000000000000
RSP=0x00000072d9dfb810, RBP=0x00000072d9dfb880, RSI=0x0000000000000000, RDI=0x0000000000000048
R8 =0x000000000000ffe0, R9 =0x0000000000000000, R10=0x00007ff833830000, R11=0x00000235d6318b30
R12=0x0000000000000050, R13=0x0000000000000000, R14=0x0000000000000000, R15=0x00000072d9dfea30
RIP=0x00007fffd31be0a9, EFLAGS=0x0000000000010202

Top of Stack: (sp=0x00000072d9dfb810)
0x00000072d9dfb810:   0000000000001a4f 0000000000000000
0x00000072d9dfb820:   00000072d9dfea30 00007fffd31238d1
0x00000072d9dfb830:   00000235b47c6720 00007fff00002000
0x00000072d9dfb840:   00000235d6318b10 0000023500000000
0x00000072d9dfb850:   0000000000000002 00000235d8675d70
0x00000072d9dfb860:   0000000000000002 00000235b47c6720
0x00000072d9dfb870:   0000000000000000 0000000000000000
0x00000072d9dfb880:   00000235b47a3cf0 0000023595104690
0x00000072d9dfb890:   0000000000000048 00007fffd3844c08
0x00000072d9dfb8a0:   00000072d9dfb9b0 00007fffd311ba8b
0x00000072d9dfb8b0:   00000072d9dfea30 00007fffd3844c08
0x00000072d9dfb8c0:   00000072d9dfea30 00000072d9dfb9b0
0x00000072d9dfb8d0:   0000007200000000 00000072d9dff590
0x00000072d9dfb8e0:   000000720000000f 00000072d9dfea30
0x00000072d9dfb8f0:   00000072d9dfba60 00007fff00000000
0x00000072d9dfb900:   0000023500000100 00007fffd3844c08 

Instructions: (pc=0x00007fffd31be0a9)
0x00007fffd31bdfa9:   3b d0 75 0b ff c1 41 3b c9 7c dc 48 8b c2 c3 33
0x00007fffd31bdfb9:   c0 c3 cc cc cc cc cc 48 89 5c 24 18 55 56 57 41
0x00007fffd31bdfc9:   55 41 57 48 8b ec 48 83 ec 70 65 48 8b 04 25 58
0x00007fffd31bdfd9:   00 00 00 48 8b f2 44 8b 05 d2 8b 90 00 4c 8b f9
0x00007fffd31bdfe9:   4a 8b 1c c0 b8 50 00 00 00 80 3c 18 00 75 05 e8
0x00007fffd31bdff9:   8b 6f 5d 00 b8 20 00 00 00 48 8b 04 18 48 8b 98
0x00007fffd31be009:   38 02 00 00 48 89 5d b0 c7 45 b8 04 00 00 00 48
0x00007fffd31be019:   8b 43 18 48 83 f8 df 76 18 4c 8d 05 37 a9 65 00
0x00007fffd31be029:   ba 20 00 00 00 48 8b cb e8 5a eb de ff 48 8b 43
0x00007fffd31be039:   18 48 8d 48 20 48 3b 4b 20 76 11 45 33 c0 48 8b
0x00007fffd31be049:   cb 41 8d 50 20 e8 fd e8 de ff eb 04 48 89 4b 18
0x00007fffd31be059:   44 8b 45 b8 33 d2 49 c1 e0 03 48 8b c8 48 89 45
0x00007fffd31be069:   c0 e8 e3 80 5d 00 45 33 ed 48 8d 4d d0 44 89 6d
0x00007fffd31be079:   c8 e8 01 59 56 00 41 8b 9f 40 02 00 00 41 2b 9f
0x00007fffd31be089:   68 02 00 00 44 89 6d f0 3b 5d b8 72 0b 8b d3 48
0x00007fffd31be099:   8d 4d b0 e8 6f b3 39 00 48 8b 45 c0 4c 89 2c d8
0x00007fffd31be0a9:   8b 7e 28 8b df c1 eb 05 3b 5d d0 72 0b 8b d3 48
0x00007fffd31be0b9:   8d 4d d0 e8 1f 59 56 00 48 8b 45 d8 83 e7 1f 48
0x00007fffd31be0c9:   8d 14 98 40 0f b6 cf 41 b8 01 00 00 00 41 d3 e0
0x00007fffd31be0d9:   8b 0a 8b c1 41 0b c0 89 02 41 85 c8 75 21 8b 5d
0x00007fffd31be0e9:   c8 8d 43 01 89 45 c8 3b 5d b8 72 0b 8b d3 48 8d
0x00007fffd31be0f9:   4d b0 e8 10 b3 39 00 48 8b 45 c0 48 89 34 d8 44
0x00007fffd31be109:   39 6d c8 0f 86 77 01 00 00 4c 89 a4 24 a0 00 00
0x00007fffd31be119:   00 4c 89 b4 24 a8 00 00 00 48 8b 45 c0 41 8b cd
0x00007fffd31be129:   48 8b 34 c8 8b 46 2c 25 ff 1f 00 00 3d 04 10 00
0x00007fffd31be139:   00 0f 85 a7 00 00 00 bb 01 00 00 00 39 5e 18 76
0x00007fffd31be149:   39 66 0f 1f 44 00 00 48 8b 46 08 8b cb 48 8b 14
0x00007fffd31be159:   c8 48 85 d2 74 1d 48 83 7a 10 00 74 16 80 7a 2c
0x00007fffd31be169:   84 74 10 e8 7f 7e ee ff 48 8b d0 49 8b cf e8 a4
0x00007fffd31be179:   61 f6 ff ff c3 3b 5e 18 72 cd 48 8b 5e 10 8b 46
0x00007fffd31be189:   20 4c 8d 34 c3 49 3b de 73 54 48 8b 3b 8b 47 2c
0x00007fffd31be199:   83 e0 03 3c 03 75 2e 48 8b 07 48 8b cf ff 90 88 


Stack slot to memory mapping:
stack at sp + 0 slots: 0x0000000000001a4f is an unknown value
stack at sp + 1 slots: 0x0 is NULL
stack at sp + 2 slots: 0x00000072d9dfea30 is pointing into the stack for thread: 0x00000235b47cd160
stack at sp + 3 slots: 0x00007fffd31238d1 jvm.dll
stack at sp + 4 slots: 0x00000235b47c6720 points into unknown readable memory: 0x0000023500000006 | 06 00 00 00 35 02 00 00
stack at sp + 5 slots: 0x00007fff00002000 is an unknown value
stack at sp + 6 slots: 0x00000235d6318b10 points into unknown readable memory: 0x0000000000000000 | 00 00 00 00 00 00 00 00
stack at sp + 7 slots: 0x0000023500000000 is an unknown value


---------------  P R O C E S S  ---------------

Threads class SMR info:
_java_thread_list=0x00000235d7494c20, length=61, elements={
0x00000235950ec5a0, 0x00000235b47a9fa0, 0x00000235b47aad30, 0x00000235b47c7570,
0x00000235b47c93b0, 0x00000235b47c9c80, 0x00000235b47ca550, 0x00000235b47cd160,
0x00000235b47d1b30, 0x00000235b4849630, 0x00000235b4794c10, 0x00000235b4b0d020,
0x00000235d471a030, 0x00000235d4623480, 0x00000235d46248c0, 0x00000235d4624dd0,
0x00000235d4623990, 0x00000235d4623ea0, 0x00000235d46243b0, 0x00000235b49f2010,
0x00000235b49f2f40, 0x00000235b49ef280, 0x00000235b49f0bd0, 0x00000235b49f61e0,
0x00000235b49eed70, 0x00000235b49f4890, 0x00000235b49ef790, 0x00000235b49f4da0,
0x00000235b49f52b0, 0x00000235b49f3e70, 0x00000235b49f66f0, 0x00000235b49f15f0,
0x00000235b49f57c0, 0x00000235b49f3450, 0x00000235b49f5cd0, 0x00000235b49f4380,
0x00000235b49f3960, 0x00000235b49f2520, 0x00000235d5c070b0, 0x00000235d5c0b790,
0x00000235d5c08a00, 0x00000235d5c06ba0, 0x00000235d5c0b280, 0x00000235d5c05760,
0x00000235d5c0ad70, 0x00000235d5c075c0, 0x00000235d5c09930, 0x00000235d5c0a860,
0x00000235d5c05c70, 0x00000235d5c07fe0, 0x00000235d5c04830, 0x00000235d5c09e40,
0x00000235d5c09420, 0x00000235d5c0a350, 0x00000235d5c04320, 0x00000235d5c04d40,
0x00000235d5c0bca0, 0x00000235d5c05250, 0x00000235d5c06690, 0x00000235d5c084f0,
0x00000235d45e01f0
}

Java Threads: ( => current thread )
  0x00000235950ec5a0 JavaThread "main" [_thread_blocked, id=1496, stack(0x00000072d8f00000,0x00000072d9000000)]
  0x00000235b47a9fa0 JavaThread "Reference Handler" daemon [_thread_blocked, id=11592, stack(0x00000072d9700000,0x00000072d9800000)]
  0x00000235b47aad30 JavaThread "Finalizer" daemon [_thread_blocked, id=19080, stack(0x00000072d9800000,0x00000072d9900000)]
  0x00000235b47c7570 JavaThread "Signal Dispatcher" daemon [_thread_blocked, id=7844, stack(0x00000072d9900000,0x00000072d9a00000)]
  0x00000235b47c93b0 JavaThread "Attach Listener" daemon [_thread_blocked, id=12316, stack(0x00000072d9a00000,0x00000072d9b00000)]
  0x00000235b47c9c80 JavaThread "Service Thread" daemon [_thread_blocked, id=8336, stack(0x00000072d9b00000,0x00000072d9c00000)]
  0x00000235b47ca550 JavaThread "Monitor Deflation Thread" daemon [_thread_blocked, id=8532, stack(0x00000072d9c00000,0x00000072d9d00000)]
=>0x00000235b47cd160 JavaThread "C2 CompilerThread0" daemon [_thread_in_native, id=14376, stack(0x00000072d9d00000,0x00000072d9e00000)]
  0x00000235b47d1b30 JavaThread "C1 CompilerThread0" daemon [_thread_blocked, id=14136, stack(0x00000072d9e00000,0x00000072d9f00000)]
  0x00000235b4849630 JavaThread "Sweeper thread" daemon [_thread_blocked, id=6700, stack(0x00000072d9f00000,0x00000072da000000)]
  0x00000235b4794c10 JavaThread "Common-Cleaner" daemon [_thread_blocked, id=9876, stack(0x00000072da000000,0x00000072da100000)]
  0x00000235b4b0d020 JavaThread "Notification Thread" daemon [_thread_blocked, id=14564, stack(0x00000072da100000,0x00000072da200000)]
  0x00000235d471a030 JavaThread "Daemon health stats" [_thread_blocked, id=10496, stack(0x00000072da400000,0x00000072da500000)]
  0x00000235d4623480 JavaThread "Incoming local TCP Connector on port 61135" [_thread_in_native, id=9416, stack(0x00000072da500000,0x00000072da600000)]
  0x00000235d46248c0 JavaThread "Daemon periodic checks" [_thread_blocked, id=10836, stack(0x00000072da600000,0x00000072da700000)]
  0x00000235d4624dd0 JavaThread "Daemon" [_thread_blocked, id=15864, stack(0x00000072da700000,0x00000072da800000)]
  0x00000235d4623990 JavaThread "Handler for socket connection from /127.0.0.1:61135 to /127.0.0.1:61141" [_thread_in_native, id=3260, stack(0x00000072da800000,0x00000072da900000)]
  0x00000235d4623ea0 JavaThread "Cancel handler" [_thread_blocked, id=10524, stack(0x00000072da900000,0x00000072daa00000)]
  0x00000235d46243b0 JavaThread "Daemon worker" [_thread_in_native, id=13464, stack(0x00000072daa00000,0x00000072dab00000)]
  0x00000235b49f2010 JavaThread "Asynchronous log dispatcher for DefaultDaemonConnection: socket connection from /127.0.0.1:61135 to /127.0.0.1:61141" [_thread_blocked, id=17676, stack(0x00000072dab00000,0x00000072dac00000)]
  0x00000235b49f2f40 JavaThread "Stdin handler" [_thread_blocked, id=5372, stack(0x00000072dac00000,0x00000072dad00000)]
  0x00000235b49ef280 JavaThread "Daemon client event forwarder" [_thread_blocked, id=11216, stack(0x00000072dad00000,0x00000072dae00000)]
  0x00000235b49f0bd0 JavaThread "Cache worker for journal cache (C:\Users\manzo\.gradle\caches\journal-1)" [_thread_blocked, id=13496, stack(0x00000072dae00000,0x00000072daf00000)]
  0x00000235b49f61e0 JavaThread "File lock request listener" [_thread_in_native, id=8200, stack(0x00000072daf00000,0x00000072db000000)]
  0x00000235b49eed70 JavaThread "Cache worker for file hash cache (C:\Users\manzo\.gradle\caches\8.8\fileHashes)" [_thread_blocked, id=11620, stack(0x00000072db000000,0x00000072db100000)]
  0x00000235b49f4890 JavaThread "Cache worker for file hash cache (C:\Users\manzo\social\android\.gradle\8.8\fileHashes)" [_thread_blocked, id=9176, stack(0x00000072db100000,0x00000072db200000)]
  0x00000235b49ef790 JavaThread "File watcher server" daemon [_thread_in_native, id=15016, stack(0x00000072db200000,0x00000072db300000)]
  0x00000235b49f4da0 JavaThread "File watcher consumer" daemon [_thread_blocked, id=19236, stack(0x00000072db300000,0x00000072db400000)]
  0x00000235b49f52b0 JavaThread "Cache worker for checksums cache (C:\Users\manzo\social\android\.gradle\8.8\checksums)" [_thread_blocked, id=2632, stack(0x00000072db400000,0x00000072db500000)]
  0x00000235b49f3e70 JavaThread "Cache worker for file content cache (C:\Users\manzo\.gradle\caches\8.8\fileContent)" [_thread_blocked, id=8724, stack(0x00000072db500000,0x00000072db600000)]
  0x00000235b49f66f0 JavaThread "Cache worker for cache directory md-rule (C:\Users\manzo\.gradle\caches\8.8\md-rule)" [_thread_blocked, id=19124, stack(0x00000072db600000,0x00000072db700000)]
  0x00000235b49f15f0 JavaThread "Cache worker for cache directory md-supplier (C:\Users\manzo\.gradle\caches\8.8\md-supplier)" [_thread_blocked, id=18764, stack(0x00000072db700000,0x00000072db800000)]
  0x00000235b49f57c0 JavaThread "jar transforms" [_thread_blocked, id=12704, stack(0x00000072db800000,0x00000072db900000)]
  0x00000235b49f3450 JavaThread "Unconstrained build operations" [_thread_blocked, id=1836, stack(0x00000072dba00000,0x00000072dbb00000)]
  0x00000235b49f5cd0 JavaThread "Unconstrained build operations Thread 2" [_thread_blocked, id=15172, stack(0x00000072dbb00000,0x00000072dbc00000)]
  0x00000235b49f4380 JavaThread "Unconstrained build operations Thread 3" [_thread_blocked, id=19296, stack(0x00000072dbc00000,0x00000072dbd00000)]
  0x00000235b49f3960 JavaThread "Cache worker for Build Output Cleanup Cache (C:\Users\manzo\social\node_modules\@react-native\gradle-plugin\.gradle\buildOutputCleanup)" [_thread_blocked, id=15592, stack(0x00000072dbd00000,0x00000072dbe00000)]
  0x00000235b49f2520 JavaThread "Unconstrained build operations Thread 4" [_thread_blocked, id=15596, stack(0x00000072dc000000,0x00000072dc100000)]
  0x00000235d5c070b0 JavaThread "Unconstrained build operations Thread 5" [_thread_blocked, id=18228, stack(0x00000072dc100000,0x00000072dc200000)]
  0x00000235d5c0b790 JavaThread "Unconstrained build operations Thread 6" [_thread_blocked, id=17976, stack(0x00000072dc200000,0x00000072dc300000)]
  0x00000235d5c08a00 JavaThread "Memory manager" [_thread_blocked, id=16112, stack(0x00000072dc300000,0x00000072dc400000)]
  0x00000235d5c06ba0 JavaThread "build event listener" [_thread_blocked, id=6612, stack(0x00000072dc400000,0x00000072dc500000)]
  0x00000235d5c0b280 JavaThread "ForkJoinPool.commonPool-worker-1" daemon [_thread_blocked, id=7240, stack(0x00000072dc500000,0x00000072dc600000)]
  0x00000235d5c05760 JavaThread "included builds" [_thread_blocked, id=5612, stack(0x00000072dc600000,0x00000072dc700000)]
  0x00000235d5c0ad70 JavaThread "Execution worker" [_thread_blocked, id=17304, stack(0x00000072dc700000,0x00000072dc800000)]
  0x00000235d5c075c0 JavaThread "Cache worker for execution history cache (C:\Users\manzo\social\node_modules\@react-native\gradle-plugin\.gradle\8.8\executionHistory)" [_thread_blocked, id=1400, stack(0x00000072dc800000,0x00000072dc900000)]
  0x00000235d5c09930 JavaThread "Unconstrained build operations Thread 7" [_thread_blocked, id=9212, stack(0x00000072d8e00000,0x00000072d8f00000)]
  0x00000235d5c0a860 JavaThread "Unconstrained build operations Thread 8" [_thread_blocked, id=19132, stack(0x00000072d9000000,0x00000072d9100000)]
  0x00000235d5c05c70 JavaThread "Unconstrained build operations Thread 9" [_thread_blocked, id=11396, stack(0x00000072dc900000,0x00000072dca00000)]
  0x00000235d5c07fe0 JavaThread "Unconstrained build operations Thread 10" [_thread_blocked, id=2988, stack(0x00000072dca00000,0x00000072dcb00000)]
  0x00000235d5c04830 JavaThread "Unconstrained build operations Thread 11" [_thread_blocked, id=13200, stack(0x00000072dcb00000,0x00000072dcc00000)]
  0x00000235d5c09e40 JavaThread "Unconstrained build operations Thread 12" [_thread_blocked, id=5392, stack(0x00000072dcc00000,0x00000072dcd00000)]
  0x00000235d5c09420 JavaThread "Unconstrained build operations Thread 13" [_thread_blocked, id=11828, stack(0x00000072dcd00000,0x00000072dce00000)]
  0x00000235d5c0a350 JavaThread "Unconstrained build operations Thread 14" [_thread_blocked, id=5424, stack(0x00000072dce00000,0x00000072dcf00000)]
  0x00000235d5c04320 JavaThread "jar transforms Thread 2" [_thread_blocked, id=17412, stack(0x00000072dcf00000,0x00000072dd000000)]
  0x00000235d5c04d40 JavaThread "Cache worker for Build Output Cleanup Cache (C:\Users\manzo\social\android\.gradle\buildOutputCleanup)" [_thread_blocked, id=15924, stack(0x00000072dd000000,0x00000072dd100000)]
  0x00000235d5c0bca0 JavaThread "Unconstrained build operations Thread 15" [_thread_blocked, id=5432, stack(0x00000072dd100000,0x00000072dd200000)]
  0x00000235d5c05250 JavaThread "Unconstrained build operations Thread 16" [_thread_blocked, id=5488, stack(0x00000072dd200000,0x00000072dd300000)]
  0x00000235d5c06690 JavaThread "Unconstrained build operations Thread 17" [_thread_blocked, id=15436, stack(0x00000072dd300000,0x00000072dd400000)]
  0x00000235d5c084f0 JavaThread "Unconstrained build operations Thread 18" [_thread_blocked, id=13376, stack(0x00000072dd400000,0x00000072dd500000)]
  0x00000235d45e01f0 JavaThread "Unconstrained build operations Thread 19" [_thread_blocked, id=588, stack(0x00000072dd500000,0x00000072dd600000)]

Other Threads:
  0x00000235b47a1d10 VMThread "VM Thread" [stack: 0x00000072d9600000,0x00000072d9700000] [id=15848]
  0x00000235950ed330 WatcherThread [stack: 0x00000072da200000,0x00000072da300000] [id=14592]
  0x0000023595149310 GCTaskThread "GC Thread#0" [stack: 0x00000072d9100000,0x00000072d9200000] [id=12576]
  0x00000235b4b32f60 GCTaskThread "GC Thread#1" [stack: 0x00000072da300000,0x00000072da400000] [id=1956]
  0x000002359515a170 ConcurrentGCThread "G1 Main Marker" [stack: 0x00000072d9200000,0x00000072d9300000] [id=4664]
  0x000002359515aa90 ConcurrentGCThread "G1 Conc#0" [stack: 0x00000072d9300000,0x00000072d9400000] [id=2060]
  0x000002359519efb0 ConcurrentGCThread "G1 Refine#0" [stack: 0x00000072d9400000,0x00000072d9500000] [id=4172]
  0x000002359519f8f0 ConcurrentGCThread "G1 Service" [stack: 0x00000072d9500000,0x00000072d9600000] [id=15164]

Threads with active compile tasks:
C2 CompilerThread0    97134 11147   !   4       java.util.concurrent.FutureTask::run (123 bytes)

VM state: not at safepoint (normal execution)

VM Mutex/Monitor currently owned by a thread: None

Heap address: 0x0000000080000000, size: 2048 MB, Compressed Oops mode: 32-bit

CDS archive(s) mapped at: [0x00000235b5000000-0x00000235b5bd0000-0x00000235b5bd0000), size 12386304, SharedBaseAddress: 0x00000235b5000000, ArchiveRelocationMode: 1.
Compressed class space mapped at: 0x00000235b6000000-0x00000235d0000000, reserved size: 436207616
Narrow klass base: 0x00000235b5000000, Narrow klass shift: 0, Narrow klass range: 0x100000000

GC Precious Log:
 CPUs: 2 total, 2 available
 Memory: 3858M
 Large Page Support: Disabled
 NUMA Support: Disabled
 Compressed Oops: Enabled (32-bit)
 Heap Region Size: 1M
 Heap Min Capacity: 8M
 Heap Initial Capacity: 62M
 Heap Max Capacity: 2G
 Pre-touch: Disabled
 Parallel Workers: 2
 Concurrent Workers: 1
 Concurrent Refinement Workers: 2
 Periodic GC: Disabled

Heap:
 garbage-first heap   total 168960K, used 133837K [0x0000000080000000, 0x0000000100000000)
  region size 1024K, 42 young (43008K), 4 survivors (4096K)
 Metaspace       used 76561K, committed 77376K, reserved 557056K
  class space    used 10663K, committed 11008K, reserved 425984K

Heap Regions: E=young(eden), S=young(survivor), O=old, HS=humongous(starts), HC=humongous(continues), CS=collection set, F=free, OA=open archive, CA=closed archive, TAMS=top-at-mark-start (previous, next)
|   0|0x0000000080000000, 0x0000000080100000, 0x0000000080100000|100%| O|  |TAMS 0x0000000080100000, 0x0000000080000000| Untracked 
|   1|0x0000000080100000, 0x0000000080200000, 0x0000000080200000|100%| O|  |TAMS 0x0000000080200000, 0x0000000080100000| Untracked 
|   2|0x0000000080200000, 0x0000000080300000, 0x0000000080300000|100%|HS|  |TAMS 0x0000000080300000, 0x0000000080200000| Complete 
|   3|0x0000000080300000, 0x0000000080400000, 0x0000000080400000|100%|HC|  |TAMS 0x0000000080400000, 0x0000000080300000| Complete 
|   4|0x0000000080400000, 0x0000000080500000, 0x0000000080500000|100%|HC|  |TAMS 0x0000000080500000, 0x0000000080400000| Complete 
|   5|0x0000000080500000, 0x0000000080600000, 0x0000000080600000|100%|HC|  |TAMS 0x0000000080600000, 0x0000000080500000| Complete 
|   6|0x0000000080600000, 0x0000000080700000, 0x0000000080700000|100%| O|  |TAMS 0x0000000080700000, 0x0000000080600000| Untracked 
|   7|0x0000000080700000, 0x0000000080800000, 0x0000000080800000|100%| O|  |TAMS 0x0000000080800000, 0x0000000080700000| Untracked 
|   8|0x0000000080800000, 0x0000000080900000, 0x0000000080900000|100%| O|  |TAMS 0x0000000080900000, 0x0000000080800000| Untracked 
|   9|0x0000000080900000, 0x0000000080a00000, 0x0000000080a00000|100%| O|  |TAMS 0x0000000080a00000, 0x0000000080900000| Untracked 
|  10|0x0000000080a00000, 0x0000000080b00000, 0x0000000080b00000|100%|HS|  |TAMS 0x0000000080b00000, 0x0000000080a00000| Complete 
|  11|0x0000000080b00000, 0x0000000080c00000, 0x0000000080c00000|100%| O|  |TAMS 0x0000000080c00000, 0x0000000080b00000| Untracked 
|  12|0x0000000080c00000, 0x0000000080d00000, 0x0000000080d00000|100%| O|  |TAMS 0x0000000080d00000, 0x0000000080c00000| Untracked 
|  13|0x0000000080d00000, 0x0000000080e00000, 0x0000000080e00000|100%| O|  |TAMS 0x0000000080e00000, 0x0000000080d00000| Untracked 
|  14|0x0000000080e00000, 0x0000000080f00000, 0x0000000080f00000|100%| O|  |TAMS 0x0000000080f00000, 0x0000000080e00000| Untracked 
|  15|0x0000000080f00000, 0x0000000081000000, 0x0000000081000000|100%| O|  |TAMS 0x0000000081000000, 0x0000000080f00000| Untracked 
|  16|0x0000000081000000, 0x0000000081100000, 0x0000000081100000|100%| O|  |TAMS 0x0000000081100000, 0x0000000081000000| Untracked 
|  17|0x0000000081100000, 0x0000000081200000, 0x0000000081200000|100%| O|  |TAMS 0x0000000081200000, 0x0000000081100000| Untracked 
|  18|0x0000000081200000, 0x0000000081300000, 0x0000000081300000|100%| O|  |TAMS 0x0000000081300000, 0x0000000081200000| Untracked 
|  19|0x0000000081300000, 0x0000000081400000, 0x0000000081400000|100%| O|  |TAMS 0x0000000081400000, 0x0000000081300000| Untracked 
|  20|0x0000000081400000, 0x0000000081500000, 0x0000000081500000|100%| O|  |TAMS 0x0000000081500000, 0x0000000081400000| Untracked 
|  21|0x0000000081500000, 0x0000000081600000, 0x0000000081600000|100%| O|  |TAMS 0x0000000081600000, 0x0000000081500000| Untracked 
|  22|0x0000000081600000, 0x0000000081700000, 0x0000000081700000|100%| O|  |TAMS 0x0000000081700000, 0x0000000081600000| Untracked 
|  23|0x0000000081700000, 0x0000000081800000, 0x0000000081800000|100%| O|  |TAMS 0x0000000081800000, 0x0000000081700000| Untracked 
|  24|0x0000000081800000, 0x0000000081900000, 0x0000000081900000|100%| O|  |TAMS 0x0000000081900000, 0x0000000081800000| Untracked 
|  25|0x0000000081900000, 0x0000000081a00000, 0x0000000081a00000|100%| O|  |TAMS 0x0000000081a00000, 0x0000000081900000| Untracked 
|  26|0x0000000081a00000, 0x0000000081b00000, 0x0000000081b00000|100%| O|  |TAMS 0x0000000081b00000, 0x0000000081a00000| Untracked 
|  27|0x0000000081b00000, 0x0000000081c00000, 0x0000000081c00000|100%| O|  |TAMS 0x0000000081c00000, 0x0000000081b00000| Untracked 
|  28|0x0000000081c00000, 0x0000000081d00000, 0x0000000081d00000|100%| O|  |TAMS 0x0000000081d00000, 0x0000000081c00000| Untracked 
|  29|0x0000000081d00000, 0x0000000081e00000, 0x0000000081e00000|100%| O|  |TAMS 0x0000000081e00000, 0x0000000081d00000| Untracked 
|  30|0x0000000081e00000, 0x0000000081f00000, 0x0000000081f00000|100%| O|  |TAMS 0x0000000081f00000, 0x0000000081e00000| Untracked 
|  31|0x0000000081f00000, 0x0000000082000000, 0x0000000082000000|100%| O|  |TAMS 0x0000000082000000, 0x0000000081f00000| Untracked 
|  32|0x0000000082000000, 0x0000000082100000, 0x0000000082100000|100%| O|  |TAMS 0x0000000082100000, 0x0000000082000000| Untracked 
|  33|0x0000000082100000, 0x0000000082200000, 0x0000000082200000|100%| O|  |TAMS 0x0000000082200000, 0x0000000082100000| Untracked 
|  34|0x0000000082200000, 0x0000000082300000, 0x0000000082300000|100%| O|  |TAMS 0x0000000082200000, 0x0000000082200000| Untracked 
|  35|0x0000000082300000, 0x0000000082400000, 0x0000000082400000|100%| O|  |TAMS 0x0000000082400000, 0x0000000082300000| Untracked 
|  36|0x0000000082400000, 0x0000000082500000, 0x0000000082500000|100%| O|  |TAMS 0x0000000082500000, 0x0000000082400000| Untracked 
|  37|0x0000000082500000, 0x0000000082600000, 0x0000000082600000|100%| O|  |TAMS 0x0000000082500000, 0x0000000082500000| Untracked 
|  38|0x0000000082600000, 0x0000000082700000, 0x0000000082700000|100%| O|  |TAMS 0x0000000082700000, 0x0000000082600000| Untracked 
|  39|0x0000000082700000, 0x0000000082800000, 0x0000000082800000|100%| O|  |TAMS 0x0000000082800000, 0x0000000082700000| Untracked 
|  40|0x0000000082800000, 0x0000000082900000, 0x0000000082900000|100%| O|  |TAMS 0x0000000082900000, 0x0000000082800000| Untracked 
|  41|0x0000000082900000, 0x0000000082a00000, 0x0000000082a00000|100%| O|  |TAMS 0x0000000082a00000, 0x0000000082900000| Untracked 
|  42|0x0000000082a00000, 0x0000000082b00000, 0x0000000082b00000|100%| O|  |TAMS 0x0000000082b00000, 0x0000000082a00000| Untracked 
|  43|0x0000000082b00000, 0x0000000082c00000, 0x0000000082c00000|100%| O|  |TAMS 0x0000000082c00000, 0x0000000082b00000| Untracked 
|  44|0x0000000082c00000, 0x0000000082d00000, 0x0000000082d00000|100%| O|  |TAMS 0x0000000082d00000, 0x0000000082c00000| Untracked 
|  45|0x0000000082d00000, 0x0000000082e00000, 0x0000000082e00000|100%| O|  |TAMS 0x0000000082e00000, 0x0000000082d00000| Untracked 
|  46|0x0000000082e00000, 0x0000000082f00000, 0x0000000082f00000|100%| O|  |TAMS 0x0000000082f00000, 0x0000000082e00000| Untracked 
|  47|0x0000000082f00000, 0x0000000083000000, 0x0000000083000000|100%| O|  |TAMS 0x0000000083000000, 0x0000000082f00000| Untracked 
|  48|0x0000000083000000, 0x0000000083100000, 0x0000000083100000|100%| O|  |TAMS 0x0000000083100000, 0x0000000083000000| Untracked 
|  49|0x0000000083100000, 0x0000000083200000, 0x0000000083200000|100%| O|  |TAMS 0x00000000831ee000, 0x0000000083100000| Untracked 
|  50|0x0000000083200000, 0x0000000083300000, 0x0000000083300000|100%|HS|  |TAMS 0x0000000083200000, 0x0000000083200000| Complete 
|  51|0x0000000083300000, 0x0000000083400000, 0x0000000083400000|100%|HC|  |TAMS 0x0000000083300000, 0x0000000083300000| Complete 
|  52|0x0000000083400000, 0x0000000083500000, 0x0000000083500000|100%|HS|  |TAMS 0x0000000083400000, 0x0000000083400000| Complete 
|  53|0x0000000083500000, 0x0000000083600000, 0x0000000083600000|100%|HC|  |TAMS 0x0000000083500000, 0x0000000083500000| Complete 
|  54|0x0000000083600000, 0x0000000083700000, 0x0000000083700000|100%| O|  |TAMS 0x0000000083600000, 0x0000000083600000| Untracked 
|  55|0x0000000083700000, 0x0000000083800000, 0x0000000083800000|100%|HS|  |TAMS 0x0000000083700000, 0x0000000083700000| Complete 
|  56|0x0000000083800000, 0x0000000083900000, 0x0000000083900000|100%|HC|  |TAMS 0x0000000083800000, 0x0000000083800000| Complete 
|  57|0x0000000083900000, 0x0000000083a00000, 0x0000000083a00000|100%|HC|  |TAMS 0x0000000083900000, 0x0000000083900000| Complete 
|  58|0x0000000083a00000, 0x0000000083b00000, 0x0000000083b00000|100%|HC|  |TAMS 0x0000000083a00000, 0x0000000083a00000| Complete 
|  59|0x0000000083b00000, 0x0000000083c00000, 0x0000000083c00000|100%|HS|  |TAMS 0x0000000083b00000, 0x0000000083b00000| Complete 
|  60|0x0000000083c00000, 0x0000000083d00000, 0x0000000083d00000|100%|HC|  |TAMS 0x0000000083c00000, 0x0000000083c00000| Complete 
|  61|0x0000000083d00000, 0x0000000083e00000, 0x0000000083e00000|100%|HC|  |TAMS 0x0000000083d00000, 0x0000000083d00000| Complete 
|  62|0x0000000083e00000, 0x0000000083f00000, 0x0000000083f00000|100%|HC|  |TAMS 0x0000000083e00000, 0x0000000083e00000| Complete 
|  63|0x0000000083f00000, 0x0000000084000000, 0x0000000084000000|100%| O|  |TAMS 0x0000000083f00000, 0x0000000083f00000| Untracked 
|  64|0x0000000084000000, 0x0000000084100000, 0x0000000084100000|100%| O|  |TAMS 0x0000000084000000, 0x0000000084000000| Untracked 
|  65|0x0000000084100000, 0x0000000084200000, 0x0000000084200000|100%| O|  |TAMS 0x0000000084100000, 0x0000000084100000| Untracked 
|  66|0x0000000084200000, 0x0000000084300000, 0x0000000084300000|100%| O|  |TAMS 0x0000000084200000, 0x0000000084200000| Untracked 
|  67|0x0000000084300000, 0x0000000084400000, 0x0000000084400000|100%| O|  |TAMS 0x0000000084300000, 0x0000000084300000| Untracked 
|  68|0x0000000084400000, 0x0000000084500000, 0x0000000084500000|100%| O|  |TAMS 0x0000000084400000, 0x0000000084400000| Untracked 
|  69|0x0000000084500000, 0x0000000084600000, 0x0000000084600000|100%| O|  |TAMS 0x0000000084500000, 0x0000000084500000| Untracked 
|  70|0x0000000084600000, 0x0000000084700000, 0x0000000084700000|100%| O|  |TAMS 0x0000000084600000, 0x0000000084600000| Untracked 
|  71|0x0000000084700000, 0x0000000084800000, 0x0000000084800000|100%| O|  |TAMS 0x0000000084700000, 0x0000000084700000| Untracked 
|  72|0x0000000084800000, 0x0000000084900000, 0x0000000084900000|100%| O|  |TAMS 0x0000000084800000, 0x0000000084800000| Untracked 
|  73|0x0000000084900000, 0x0000000084a00000, 0x0000000084a00000|100%| O|  |TAMS 0x0000000084900000, 0x0000000084900000| Untracked 
|  74|0x0000000084a00000, 0x0000000084b00000, 0x0000000084b00000|100%| O|  |TAMS 0x0000000084a00000, 0x0000000084a00000| Untracked 
|  75|0x0000000084b00000, 0x0000000084c00000, 0x0000000084c00000|100%| O|  |TAMS 0x0000000084b00000, 0x0000000084b00000| Untracked 
|  76|0x0000000084c00000, 0x0000000084d00000, 0x0000000084d00000|100%| O|  |TAMS 0x0000000084c00000, 0x0000000084c00000| Untracked 
|  77|0x0000000084d00000, 0x0000000084e00000, 0x0000000084e00000|100%| O|  |TAMS 0x0000000084d00000, 0x0000000084d00000| Untracked 
|  78|0x0000000084e00000, 0x0000000084f00000, 0x0000000084f00000|100%| O|  |TAMS 0x0000000084e00000, 0x0000000084e00000| Untracked 
|  79|0x0000000084f00000, 0x0000000085000000, 0x0000000085000000|100%| O|  |TAMS 0x0000000084f00000, 0x0000000084f00000| Untracked 
|  80|0x0000000085000000, 0x0000000085100000, 0x0000000085100000|100%| O|  |TAMS 0x0000000085000000, 0x0000000085000000| Untracked 
|  81|0x0000000085100000, 0x0000000085200000, 0x0000000085200000|100%| O|  |TAMS 0x0000000085100000, 0x0000000085100000| Untracked 
|  82|0x0000000085200000, 0x0000000085300000, 0x0000000085300000|100%| O|  |TAMS 0x0000000085200000, 0x0000000085200000| Untracked 
|  83|0x0000000085300000, 0x0000000085400000, 0x0000000085400000|100%| O|  |TAMS 0x0000000085300000, 0x0000000085300000| Untracked 
|  84|0x0000000085400000, 0x0000000085500000, 0x0000000085500000|100%| O|  |TAMS 0x0000000085400000, 0x0000000085400000| Untracked 
|  85|0x0000000085500000, 0x0000000085600000, 0x0000000085600000|100%| O|  |TAMS 0x0000000085500000, 0x0000000085500000| Untracked 
|  86|0x0000000085600000, 0x0000000085700000, 0x0000000085700000|100%| O|  |TAMS 0x0000000085600000, 0x0000000085600000| Untracked 
|  87|0x0000000085700000, 0x0000000085800000, 0x0000000085800000|100%| O|  |TAMS 0x0000000085700000, 0x0000000085700000| Untracked 
|  88|0x0000000085800000, 0x00000000858f9600, 0x0000000085900000| 97%| O|  |TAMS 0x0000000085800000, 0x0000000085800000| Untracked 
|  89|0x0000000085900000, 0x0000000085a00000, 0x0000000085a00000|100%|HS|  |TAMS 0x0000000085900000, 0x0000000085900000| Complete 
|  90|0x0000000085a00000, 0x0000000085b00000, 0x0000000085b00000|100%|HS|  |TAMS 0x0000000085a00000, 0x0000000085a00000| Complete 
|  91|0x0000000085b00000, 0x0000000085b00000, 0x0000000085c00000|  0%| F|  |TAMS 0x0000000085b00000, 0x0000000085b00000| Untracked 
|  92|0x0000000085c00000, 0x0000000085c00000, 0x0000000085d00000|  0%| F|  |TAMS 0x0000000085c00000, 0x0000000085c00000| Untracked 
|  93|0x0000000085d00000, 0x0000000085d00000, 0x0000000085e00000|  0%| F|  |TAMS 0x0000000085d00000, 0x0000000085d00000| Untracked 
|  94|0x0000000085e00000, 0x0000000085e00000, 0x0000000085f00000|  0%| F|  |TAMS 0x0000000085e00000, 0x0000000085e00000| Untracked 
|  95|0x0000000085f00000, 0x0000000085f00000, 0x0000000086000000|  0%| F|  |TAMS 0x0000000085f00000, 0x0000000085f00000| Untracked 
|  96|0x0000000086000000, 0x0000000086000000, 0x0000000086100000|  0%| F|  |TAMS 0x0000000086000000, 0x0000000086000000| Untracked 
|  97|0x0000000086100000, 0x0000000086100000, 0x0000000086200000|  0%| F|  |TAMS 0x0000000086100000, 0x0000000086100000| Untracked 
|  98|0x0000000086200000, 0x0000000086200000, 0x0000000086300000|  0%| F|  |TAMS 0x0000000086200000, 0x0000000086200000| Untracked 
|  99|0x0000000086300000, 0x0000000086300000, 0x0000000086400000|  0%| F|  |TAMS 0x0000000086300000, 0x0000000086300000| Untracked 
| 100|0x0000000086400000, 0x0000000086400000, 0x0000000086500000|  0%| F|  |TAMS 0x0000000086400000, 0x0000000086400000| Untracked 
| 101|0x0000000086500000, 0x0000000086500000, 0x0000000086600000|  0%| F|  |TAMS 0x0000000086500000, 0x0000000086500000| Untracked 
| 102|0x0000000086600000, 0x0000000086600000, 0x0000000086700000|  0%| F|  |TAMS 0x0000000086600000, 0x0000000086600000| Untracked 
| 103|0x0000000086700000, 0x0000000086700000, 0x0000000086800000|  0%| F|  |TAMS 0x0000000086700000, 0x0000000086700000| Untracked 
| 104|0x0000000086800000, 0x0000000086800000, 0x0000000086900000|  0%| F|  |TAMS 0x0000000086800000, 0x0000000086800000| Untracked 
| 105|0x0000000086900000, 0x0000000086900000, 0x0000000086a00000|  0%| F|  |TAMS 0x0000000086900000, 0x0000000086900000| Untracked 
| 106|0x0000000086a00000, 0x0000000086a00000, 0x0000000086b00000|  0%| F|  |TAMS 0x0000000086a00000, 0x0000000086a00000| Untracked 
| 107|0x0000000086b00000, 0x0000000086b00000, 0x0000000086c00000|  0%| F|  |TAMS 0x0000000086b00000, 0x0000000086b00000| Untracked 
| 108|0x0000000086c00000, 0x0000000086c00000, 0x0000000086d00000|  0%| F|  |TAMS 0x0000000086c00000, 0x0000000086c00000| Untracked 
| 109|0x0000000086d00000, 0x0000000086d00000, 0x0000000086e00000|  0%| F|  |TAMS 0x0000000086d00000, 0x0000000086d00000| Untracked 
| 110|0x0000000086e00000, 0x0000000086e00000, 0x0000000086f00000|  0%| F|  |TAMS 0x0000000086e00000, 0x0000000086e00000| Untracked 
| 111|0x0000000086f00000, 0x0000000086f00000, 0x0000000087000000|  0%| F|  |TAMS 0x0000000086f00000, 0x0000000086f00000| Untracked 
| 112|0x0000000087000000, 0x0000000087000000, 0x0000000087100000|  0%| F|  |TAMS 0x0000000087000000, 0x0000000087000000| Untracked 
| 113|0x0000000087100000, 0x0000000087100000, 0x0000000087200000|  0%| F|  |TAMS 0x0000000087100000, 0x0000000087100000| Untracked 
| 114|0x0000000087200000, 0x0000000087200000, 0x0000000087300000|  0%| F|  |TAMS 0x0000000087200000, 0x0000000087200000| Untracked 
| 115|0x0000000087300000, 0x00000000873b9fc0, 0x0000000087400000| 72%| S|CS|TAMS 0x0000000087300000, 0x0000000087300000| Complete 
| 116|0x0000000087400000, 0x0000000087500000, 0x0000000087500000|100%| S|CS|TAMS 0x0000000087400000, 0x0000000087400000| Complete 
| 117|0x0000000087500000, 0x0000000087600000, 0x0000000087600000|100%| S|CS|TAMS 0x0000000087500000, 0x0000000087500000| Complete 
| 118|0x0000000087600000, 0x0000000087700000, 0x0000000087700000|100%| S|CS|TAMS 0x0000000087600000, 0x0000000087600000| Complete 
| 119|0x0000000087700000, 0x0000000087700000, 0x0000000087800000|  0%| F|  |TAMS 0x0000000087700000, 0x0000000087700000| Untracked 
| 120|0x0000000087800000, 0x0000000087800000, 0x0000000087900000|  0%| F|  |TAMS 0x0000000087800000, 0x0000000087800000| Untracked 
| 121|0x0000000087900000, 0x0000000087900000, 0x0000000087a00000|  0%| F|  |TAMS 0x0000000087900000, 0x0000000087900000| Untracked 
| 122|0x0000000087a00000, 0x0000000087a00000, 0x0000000087b00000|  0%| F|  |TAMS 0x0000000087a00000, 0x0000000087a00000| Untracked 
| 123|0x0000000087b00000, 0x0000000087b00000, 0x0000000087c00000|  0%| F|  |TAMS 0x0000000087b00000, 0x0000000087b00000| Untracked 
| 124|0x0000000087c00000, 0x0000000087c00000, 0x0000000087d00000|  0%| F|  |TAMS 0x0000000087c00000, 0x0000000087c00000| Untracked 
| 125|0x0000000087d00000, 0x0000000087d00000, 0x0000000087e00000|  0%| F|  |TAMS 0x0000000087d00000, 0x0000000087d00000| Untracked 
| 126|0x0000000087e00000, 0x0000000087e00000, 0x0000000087f00000|  0%| F|  |TAMS 0x0000000087e00000, 0x0000000087e00000| Untracked 
| 127|0x0000000087f00000, 0x0000000087fc3478, 0x0000000088000000| 76%| E|  |TAMS 0x0000000087f00000, 0x0000000087f00000| Complete 
| 128|0x0000000088000000, 0x0000000088100000, 0x0000000088100000|100%| E|  |TAMS 0x0000000088000000, 0x0000000088000000| Complete 
| 129|0x0000000088100000, 0x0000000088200000, 0x0000000088200000|100%| E|CS|TAMS 0x0000000088100000, 0x0000000088100000| Complete 
| 130|0x0000000088200000, 0x0000000088300000, 0x0000000088300000|100%| E|CS|TAMS 0x0000000088200000, 0x0000000088200000| Complete 
| 131|0x0000000088300000, 0x0000000088400000, 0x0000000088400000|100%| E|CS|TAMS 0x0000000088300000, 0x0000000088300000| Complete 
| 132|0x0000000088400000, 0x0000000088500000, 0x0000000088500000|100%| E|CS|TAMS 0x0000000088400000, 0x0000000088400000| Complete 
| 133|0x0000000088500000, 0x0000000088600000, 0x0000000088600000|100%| E|CS|TAMS 0x0000000088500000, 0x0000000088500000| Complete 
| 134|0x0000000088600000, 0x0000000088700000, 0x0000000088700000|100%| E|CS|TAMS 0x0000000088600000, 0x0000000088600000| Complete 
| 135|0x0000000088700000, 0x0000000088800000, 0x0000000088800000|100%| E|CS|TAMS 0x0000000088700000, 0x0000000088700000| Complete 
| 136|0x0000000088800000, 0x0000000088900000, 0x0000000088900000|100%| E|CS|TAMS 0x0000000088800000, 0x0000000088800000| Complete 
| 137|0x0000000088900000, 0x0000000088a00000, 0x0000000088a00000|100%| E|CS|TAMS 0x0000000088900000, 0x0000000088900000| Complete 
| 138|0x0000000088a00000, 0x0000000088b00000, 0x0000000088b00000|100%| E|CS|TAMS 0x0000000088a00000, 0x0000000088a00000| Complete 
| 139|0x0000000088b00000, 0x0000000088c00000, 0x0000000088c00000|100%| E|CS|TAMS 0x0000000088b00000, 0x0000000088b00000| Complete 
| 140|0x0000000088c00000, 0x0000000088d00000, 0x0000000088d00000|100%| E|CS|TAMS 0x0000000088c00000, 0x0000000088c00000| Complete 
| 141|0x0000000088d00000, 0x0000000088e00000, 0x0000000088e00000|100%| E|CS|TAMS 0x0000000088d00000, 0x0000000088d00000| Complete 
| 142|0x0000000088e00000, 0x0000000088f00000, 0x0000000088f00000|100%| E|CS|TAMS 0x0000000088e00000, 0x0000000088e00000| Complete 
| 143|0x0000000088f00000, 0x0000000089000000, 0x0000000089000000|100%| E|CS|TAMS 0x0000000088f00000, 0x0000000088f00000| Complete 
| 144|0x0000000089000000, 0x0000000089100000, 0x0000000089100000|100%| E|CS|TAMS 0x0000000089000000, 0x0000000089000000| Complete 
| 145|0x0000000089100000, 0x0000000089200000, 0x0000000089200000|100%| E|CS|TAMS 0x0000000089100000, 0x0000000089100000| Complete 
| 146|0x0000000089200000, 0x0000000089300000, 0x0000000089300000|100%| E|CS|TAMS 0x0000000089200000, 0x0000000089200000| Complete 
| 147|0x0000000089300000, 0x0000000089400000, 0x0000000089400000|100%| E|CS|TAMS 0x0000000089300000, 0x0000000089300000| Complete 
| 148|0x0000000089400000, 0x0000000089500000, 0x0000000089500000|100%| E|CS|TAMS 0x0000000089400000, 0x0000000089400000| Complete 
| 149|0x0000000089500000, 0x0000000089600000, 0x0000000089600000|100%| E|CS|TAMS 0x0000000089500000, 0x0000000089500000| Complete 
| 150|0x0000000089600000, 0x0000000089700000, 0x0000000089700000|100%| E|CS|TAMS 0x0000000089600000, 0x0000000089600000| Complete 
| 151|0x0000000089700000, 0x0000000089800000, 0x0000000089800000|100%| E|CS|TAMS 0x0000000089700000, 0x0000000089700000| Complete 
| 152|0x0000000089800000, 0x0000000089900000, 0x0000000089900000|100%| E|CS|TAMS 0x0000000089800000, 0x0000000089800000| Complete 
| 153|0x0000000089900000, 0x0000000089a00000, 0x0000000089a00000|100%| E|CS|TAMS 0x0000000089900000, 0x0000000089900000| Complete 
| 154|0x0000000089a00000, 0x0000000089b00000, 0x0000000089b00000|100%| E|CS|TAMS 0x0000000089a00000, 0x0000000089a00000| Complete 
| 155|0x0000000089b00000, 0x0000000089c00000, 0x0000000089c00000|100%| E|CS|TAMS 0x0000000089b00000, 0x0000000089b00000| Complete 
| 156|0x0000000089c00000, 0x0000000089d00000, 0x0000000089d00000|100%| E|CS|TAMS 0x0000000089c00000, 0x0000000089c00000| Complete 
| 157|0x0000000089d00000, 0x0000000089e00000, 0x0000000089e00000|100%| E|CS|TAMS 0x0000000089d00000, 0x0000000089d00000| Complete 
| 158|0x0000000089e00000, 0x0000000089f00000, 0x0000000089f00000|100%| E|CS|TAMS 0x0000000089e00000, 0x0000000089e00000| Complete 
| 159|0x0000000089f00000, 0x000000008a000000, 0x000000008a000000|100%| E|CS|TAMS 0x0000000089f00000, 0x0000000089f00000| Complete 
| 160|0x000000008a000000, 0x000000008a100000, 0x000000008a100000|100%| E|CS|TAMS 0x000000008a000000, 0x000000008a000000| Complete 
| 161|0x000000008a100000, 0x000000008a200000, 0x000000008a200000|100%| E|CS|TAMS 0x000000008a100000, 0x000000008a100000| Complete 
| 162|0x000000008a200000, 0x000000008a300000, 0x000000008a300000|100%| E|CS|TAMS 0x000000008a200000, 0x000000008a200000| Complete 
| 163|0x000000008a300000, 0x000000008a400000, 0x000000008a400000|100%| E|CS|TAMS 0x000000008a300000, 0x000000008a300000| Complete 
| 164|0x000000008a400000, 0x000000008a500000, 0x000000008a500000|100%| E|CS|TAMS 0x000000008a400000, 0x000000008a400000| Complete 

Card table byte_map: [0x00000235adc00000,0x00000235ae000000] _byte_map_base: 0x00000235ad800000

Marking Bits (Prev, Next): (CMBitMap*) 0x0000023595149840, (CMBitMap*) 0x0000023595149880
 Prev Bits: [0x00000235ae400000, 0x00000235b0400000)
 Next Bits: [0x00000235b0400000, 0x00000235b2400000)

Polling page: 0x00000235951b0000

Metaspace:

Usage:
  Non-class:     64.35 MB used.
      Class:     10.41 MB used.
       Both:     74.77 MB used.

Virtual space:
  Non-class space:      128.00 MB reserved,      64.81 MB ( 51%) committed,  2 nodes.
      Class space:      416.00 MB reserved,      10.75 MB (  3%) committed,  1 nodes.
             Both:      544.00 MB reserved,      75.56 MB ( 14%) committed. 

Chunk freelists:
   Non-Class:  14.31 MB
       Class:  5.25 MB
        Both:  19.56 MB

MaxMetaspaceSize: 512.00 MB
CompressedClassSpaceSize: 416.00 MB
Initial GC threshold: 21.00 MB
Current GC threshold: 99.06 MB
CDS: on
MetaspaceReclaimPolicy: balanced
 - commit_granule_bytes: 65536.
 - commit_granule_words: 8192.
 - virtual_space_node_default_size: 8388608.
 - enlarge_chunks_in_place: 1.
 - new_chunks_are_fully_committed: 0.
 - uncommit_free_chunks: 1.
 - use_allocation_guard: 0.
 - handle_deallocations: 1.


Internal statistics:

num_allocs_failed_limit: 3.
num_arena_births: 1068.
num_arena_deaths: 0.
num_vsnodes_births: 3.
num_vsnodes_deaths: 0.
num_space_committed: 1209.
num_space_uncommitted: 0.
num_chunks_returned_to_freelist: 3.
num_chunks_taken_from_freelist: 4228.
num_chunk_merges: 3.
num_chunk_splits: 2698.
num_chunks_enlarged: 1685.
num_inconsistent_stats: 0.

CodeHeap 'non-profiled nmethods': size=120064Kb used=5171Kb max_used=5584Kb free=114892Kb
 bounds [0x00000235a5ec0000, 0x00000235a6440000, 0x00000235ad400000]
CodeHeap 'profiled nmethods': size=120000Kb used=17926Kb max_used=20375Kb free=102073Kb
 bounds [0x000002359e400000, 0x000002359f7f0000, 0x00000235a5930000]
CodeHeap 'non-nmethods': size=5696Kb used=2408Kb max_used=2450Kb free=3288Kb
 bounds [0x00000235a5930000, 0x00000235a5ba0000, 0x00000235a5ec0000]
 total_blobs=10375 nmethods=9432 adapters=856
 compilation: enabled
              stopped_count=0, restarted_count=0
 full_count=0

Compilation events (20 events):
Event: 96.708 Thread 0x00000235b47d1b30 11150       3       java.util.stream.SortedOps$SizedRefSortingSink::accept (18 bytes)
Event: 96.708 Thread 0x00000235b47d1b30 nmethod 11150 0x000002359e424310 code [0x000002359e4244c0, 0x000002359e424778]
Event: 96.708 Thread 0x00000235b47d1b30 11151       3       org.gradle.api.internal.initialization.transform.utils.InstrumentationClasspathMerger$$Lambda$959/0x00000235b66acc00::apply (8 bytes)
Event: 96.709 Thread 0x00000235b47d1b30 nmethod 11151 0x000002359e691d10 code [0x000002359e691f20, 0x000002359e692738]
Event: 96.709 Thread 0x00000235b47d1b30 11152       3       org.gradle.api.internal.initialization.transform.utils.InstrumentationClasspathMerger$OriginalArtifactIdentifier::of (66 bytes)
Event: 96.710 Thread 0x00000235b47d1b30 nmethod 11152 0x000002359e561310 code [0x000002359e561540, 0x000002359e561ef8]
Event: 96.710 Thread 0x00000235b47d1b30 11153       3       org.gradle.api.internal.initialization.transform.utils.InstrumentationClasspathMerger$$Lambda$960/0x00000235b66b0000::compare (16 bytes)
Event: 96.711 Thread 0x00000235b47d1b30 nmethod 11153 0x000002359e42b590 code [0x000002359e42b760, 0x000002359e42bbc8]
Event: 96.711 Thread 0x00000235b47d1b30 11154       3       com.google.common.collect.ExplicitOrdering::compare (12 bytes)
Event: 96.711 Thread 0x00000235b47d1b30 nmethod 11154 0x000002359e596b90 code [0x000002359e596da0, 0x000002359e597578]
Event: 96.712 Thread 0x00000235b47d1b30 11155       3       org.gradle.api.internal.initialization.transform.utils.InstrumentationClasspathMerger$$Lambda$961/0x00000235b66b0298::apply (8 bytes)
Event: 96.712 Thread 0x00000235b47d1b30 nmethod 11155 0x000002359e43b890 code [0x000002359e43ba40, 0x000002359e43bcb8]
Event: 96.713 Thread 0x00000235b47d1b30 11156       3       org.gradle.internal.classpath.TransformedClassPath$FileMarker::of (25 bytes)
Event: 96.713 Thread 0x00000235b47d1b30 nmethod 11156 0x000002359e439910 code [0x000002359e439ac0, 0x000002359e439da8]
Event: 96.730 Thread 0x00000235b47d1b30 11157       3       org.gradle.internal.time.DefaultCountdownTimer::hasExpired (15 bytes)
Event: 96.731 Thread 0x00000235b47d1b30 nmethod 11157 0x000002359e545490 code [0x000002359e545640, 0x000002359e5459a8]
Event: 96.737 Thread 0x00000235b47d1b30 11158       3       com.esotericsoftware.kryo.io.Output::writeBytes (90 bytes)
Event: 96.738 Thread 0x00000235b47d1b30 nmethod 11158 0x000002359e46fc90 code [0x000002359e46fe80, 0x000002359e470428]
Event: 96.782 Thread 0x00000235b47d1b30 11160       3       com.google.common.collect.AbstractMapEntry::hashCode (36 bytes)
Event: 96.783 Thread 0x00000235b47d1b30 nmethod 11160 0x000002359e43a590 code [0x000002359e43a760, 0x000002359e43aaf8]

GC Heap History (20 events):
Event: 52.543 GC heap before
{Heap before GC invocations=45 (full 0):
 garbage-first heap   total 87040K, used 79128K [0x0000000080000000, 0x0000000100000000)
  region size 1024K, 17 young (17408K), 1 survivors (1024K)
 Metaspace       used 63597K, committed 64192K, reserved 491520K
  class space    used 8892K, committed 9152K, reserved 425984K
}
Event: 52.549 GC heap after
{Heap after GC invocations=46 (full 0):
 garbage-first heap   total 140288K, used 65519K [0x0000000080000000, 0x0000000100000000)
  region size 1024K, 3 young (3072K), 3 survivors (3072K)
 Metaspace       used 63597K, committed 64192K, reserved 491520K
  class space    used 8892K, committed 9152K, reserved 425984K
}
Event: 54.051 GC heap before
{Heap before GC invocations=46 (full 0):
 garbage-first heap   total 140288K, used 113647K [0x0000000080000000, 0x0000000100000000)
  region size 1024K, 50 young (51200K), 3 survivors (3072K)
 Metaspace       used 66911K, committed 67520K, reserved 491520K
  class space    used 9326K, committed 9600K, reserved 425984K
}
Event: 54.066 GC heap after
{Heap after GC invocations=47 (full 0):
 garbage-first heap   total 140288K, used 68111K [0x0000000080000000, 0x0000000100000000)
  region size 1024K, 5 young (5120K), 5 survivors (5120K)
 Metaspace       used 66911K, committed 67520K, reserved 491520K
  class space    used 9326K, committed 9600K, reserved 425984K
}
Event: 55.693 GC heap before
{Heap before GC invocations=47 (full 0):
 garbage-first heap   total 140288K, used 112143K [0x0000000080000000, 0x0000000100000000)
  region size 1024K, 48 young (49152K), 5 survivors (5120K)
 Metaspace       used 68760K, committed 69440K, reserved 491520K
  class space    used 9575K, committed 9856K, reserved 425984K
}
Event: 55.714 GC heap after
{Heap after GC invocations=48 (full 0):
 garbage-first heap   total 140288K, used 72131K [0x0000000080000000, 0x0000000100000000)
  region size 1024K, 6 young (6144K), 6 survivors (6144K)
 Metaspace       used 68760K, committed 69440K, reserved 491520K
  class space    used 9575K, committed 9856K, reserved 425984K
}
Event: 58.601 GC heap before
{Heap before GC invocations=48 (full 0):
 garbage-first heap   total 140288K, used 113091K [0x0000000080000000, 0x0000000100000000)
  region size 1024K, 46 young (47104K), 6 survivors (6144K)
 Metaspace       used 70683K, committed 71360K, reserved 491520K
  class space    used 9848K, committed 10176K, reserved 425984K
}
Event: 58.624 GC heap after
{Heap after GC invocations=49 (full 0):
 garbage-first heap   total 140288K, used 75669K [0x0000000080000000, 0x0000000100000000)
  region size 1024K, 6 young (6144K), 6 survivors (6144K)
 Metaspace       used 70683K, committed 71360K, reserved 491520K
  class space    used 9848K, committed 10176K, reserved 425984K
}
Event: 60.331 GC heap before
{Heap before GC invocations=49 (full 0):
 garbage-first heap   total 140288K, used 110485K [0x0000000080000000, 0x0000000100000000)
  region size 1024K, 41 young (41984K), 6 survivors (6144K)
 Metaspace       used 73508K, committed 74240K, reserved 491520K
  class space    used 10332K, committed 10688K, reserved 425984K
}
Event: 60.352 GC heap after
{Heap after GC invocations=50 (full 0):
 garbage-first heap   total 140288K, used 78436K [0x0000000080000000, 0x0000000100000000)
  region size 1024K, 3 young (3072K), 3 survivors (3072K)
 Metaspace       used 73508K, committed 74240K, reserved 491520K
  class space    used 10332K, committed 10688K, reserved 425984K
}
Event: 62.485 GC heap before
{Heap before GC invocations=50 (full 0):
 garbage-first heap   total 140288K, used 113252K [0x0000000080000000, 0x0000000100000000)
  region size 1024K, 38 young (38912K), 3 survivors (3072K)
 Metaspace       used 74604K, committed 75392K, reserved 491520K
  class space    used 10485K, committed 10880K, reserved 425984K
}
Event: 62.516 GC heap after
{Heap after GC invocations=51 (full 0):
 garbage-first heap   total 140288K, used 82944K [0x0000000080000000, 0x0000000100000000)
  region size 1024K, 5 young (5120K), 5 survivors (5120K)
 Metaspace       used 74604K, committed 75392K, reserved 491520K
  class space    used 10485K, committed 10880K, reserved 425984K
}
Event: 90.726 GC heap before
{Heap before GC invocations=51 (full 0):
 garbage-first heap   total 140288K, used 114688K [0x0000000080000000, 0x0000000100000000)
  region size 1024K, 36 young (36864K), 5 survivors (5120K)
 Metaspace       used 76115K, committed 76864K, reserved 557056K
  class space    used 10656K, committed 11008K, reserved 425984K
}
Event: 90.764 GC heap after
{Heap after GC invocations=52 (full 0):
 garbage-first heap   total 168960K, used 88064K [0x0000000080000000, 0x0000000100000000)
  region size 1024K, 5 young (5120K), 5 survivors (5120K)
 Metaspace       used 76115K, committed 76864K, reserved 557056K
  class space    used 10656K, committed 11008K, reserved 425984K
}
Event: 93.178 GC heap before
{Heap before GC invocations=52 (full 0):
 garbage-first heap   total 168960K, used 134144K [0x0000000080000000, 0x0000000100000000)
  region size 1024K, 51 young (52224K), 5 survivors (5120K)
 Metaspace       used 76508K, committed 77312K, reserved 557056K
  class space    used 10659K, committed 11008K, reserved 425984K
}
Event: 93.203 GC heap after
{Heap after GC invocations=53 (full 0):
 garbage-first heap   total 168960K, used 92458K [0x0000000080000000, 0x0000000100000000)
  region size 1024K, 5 young (5120K), 5 survivors (5120K)
 Metaspace       used 76508K, committed 77312K, reserved 557056K
  class space    used 10659K, committed 11008K, reserved 425984K
}
Event: 94.410 GC heap before
{Heap before GC invocations=53 (full 0):
 garbage-first heap   total 168960K, used 134442K [0x0000000080000000, 0x0000000100000000)
  region size 1024K, 47 young (48128K), 5 survivors (5120K)
 Metaspace       used 76532K, committed 77312K, reserved 557056K
  class space    used 10659K, committed 11008K, reserved 425984K
}
Event: 94.429 GC heap after
{Heap after GC invocations=54 (full 0):
 garbage-first heap   total 168960K, used 93420K [0x0000000080000000, 0x0000000100000000)
  region size 1024K, 4 young (4096K), 4 survivors (4096K)
 Metaspace       used 76532K, committed 77312K, reserved 557056K
  class space    used 10659K, committed 11008K, reserved 425984K
}
Event: 95.707 GC heap before
{Heap before GC invocations=54 (full 0):
 garbage-first heap   total 168960K, used 136428K [0x0000000080000000, 0x0000000100000000)
  region size 1024K, 46 young (47104K), 4 survivors (4096K)
 Metaspace       used 76535K, committed 77312K, reserved 557056K
  class space    used 10659K, committed 11008K, reserved 425984K
}
Event: 95.720 GC heap after
{Heap after GC invocations=55 (full 0):
 garbage-first heap   total 168960K, used 94925K [0x0000000080000000, 0x0000000100000000)
  region size 1024K, 4 young (4096K), 4 survivors (4096K)
 Metaspace       used 76535K, committed 77312K, reserved 557056K
  class space    used 10659K, committed 11008K, reserved 425984K
}

Dll operation events (14 events):
Event: 0.022 Loaded shared library C:\Program Files\Microsoft\jdk-17.0.8.7-hotspot\bin\java.dll
Event: 0.333 Loaded shared library C:\Program Files\Microsoft\jdk-17.0.8.7-hotspot\bin\jsvml.dll
Event: 0.918 Loaded shared library C:\Program Files\Microsoft\jdk-17.0.8.7-hotspot\bin\zip.dll
Event: 0.930 Loaded shared library C:\Program Files\Microsoft\jdk-17.0.8.7-hotspot\bin\instrument.dll
Event: 1.110 Loaded shared library C:\Program Files\Microsoft\jdk-17.0.8.7-hotspot\bin\net.dll
Event: 1.133 Loaded shared library C:\Program Files\Microsoft\jdk-17.0.8.7-hotspot\bin\nio.dll
Event: 1.170 Loaded shared library C:\Program Files\Microsoft\jdk-17.0.8.7-hotspot\bin\zip.dll
Event: 2.581 Loaded shared library C:\Program Files\Microsoft\jdk-17.0.8.7-hotspot\bin\jimage.dll
Event: 3.555 Loaded shared library C:\Program Files\Microsoft\jdk-17.0.8.7-hotspot\bin\verify.dll
Event: 4.770 Loaded shared library C:\Users\manzo\.gradle\native\c067742578af261105cb4f569cf0c3c89f3d7b1fecec35dd04571415982c5e48\windows-amd64\native-platform.dll
Event: 4.818 Loaded shared library C:\Users\manzo\.gradle\native\100fb08df4bc3b14c8652ba06237920a3bd2aa13389f12d3474272988ae205f9\windows-amd64\native-platform-file-events.dll
Event: 9.466 Loaded shared library C:\Program Files\Microsoft\jdk-17.0.8.7-hotspot\bin\management.dll
Event: 9.472 Loaded shared library C:\Program Files\Microsoft\jdk-17.0.8.7-hotspot\bin\management_ext.dll
Event: 11.786 Loaded shared library C:\Program Files\Microsoft\jdk-17.0.8.7-hotspot\bin\sunmscapi.dll

Deoptimization events (20 events):
Event: 96.175 Thread 0x00000235d46243b0 Uncommon trap: trap_request=0xffffffd6 fr.pc=0x00000235a640ff58 relative=0x00000000000007b8
Event: 96.175 Thread 0x00000235d46243b0 Uncommon trap: reason=array_check action=maybe_recompile pc=0x00000235a640ff58 method=java.util.TimSort.reverseRange([Ljava/lang/Object;II)V @ 27 c2
Event: 96.175 Thread 0x00000235d46243b0 DEOPT PACKING pc=0x00000235a640ff58 sp=0x00000072daaf72f0
Event: 96.175 Thread 0x00000235d46243b0 DEOPT UNPACKING pc=0x00000235a598699d sp=0x00000072daaf7240 mode 2
Event: 96.495 Thread 0x00000235b49f0bd0 Uncommon trap: trap_request=0xffffff45 fr.pc=0x00000235a60e43c4 relative=0x0000000000000124
Event: 96.495 Thread 0x00000235b49f0bd0 Uncommon trap: reason=unstable_if action=reinterpret pc=0x00000235a60e43c4 method=org.gradle.internal.time.DefaultCountdownTimer.hasExpired()Z @ 6 c2
Event: 96.495 Thread 0x00000235b49f0bd0 DEOPT PACKING pc=0x00000235a60e43c4 sp=0x00000072daefece0
Event: 96.495 Thread 0x00000235b49f0bd0 DEOPT UNPACKING pc=0x00000235a598699d sp=0x00000072daefecb0 mode 2
Event: 96.746 Thread 0x00000235d46243b0 DEOPT PACKING pc=0x000002359e91bc0b sp=0x00000072daaf93e0
Event: 96.746 Thread 0x00000235d46243b0 DEOPT UNPACKING pc=0x00000235a5987124 sp=0x00000072daaf8918 mode 0
Event: 96.754 Thread 0x00000235d46243b0 DEOPT PACKING pc=0x000002359ed13459 sp=0x00000072daaf9360
Event: 96.755 Thread 0x00000235d46243b0 DEOPT UNPACKING pc=0x00000235a5987124 sp=0x00000072daaf8858 mode 0
Event: 96.759 Thread 0x00000235d46243b0 DEOPT PACKING pc=0x000002359e91bc0b sp=0x00000072daaf93e0
Event: 96.759 Thread 0x00000235d46243b0 DEOPT UNPACKING pc=0x00000235a5987124 sp=0x00000072daaf8918 mode 0
Event: 96.767 Thread 0x00000235d46243b0 DEOPT PACKING pc=0x000002359ed13459 sp=0x00000072daaf9360
Event: 96.767 Thread 0x00000235d46243b0 DEOPT UNPACKING pc=0x00000235a5987124 sp=0x00000072daaf8858 mode 0
Event: 96.775 Thread 0x00000235d46243b0 DEOPT PACKING pc=0x000002359e91bc0b sp=0x00000072daaf93e0
Event: 96.775 Thread 0x00000235d46243b0 DEOPT UNPACKING pc=0x00000235a5987124 sp=0x00000072daaf8918 mode 0
Event: 96.779 Thread 0x00000235d46243b0 DEOPT PACKING pc=0x000002359ed13459 sp=0x00000072daaf9360
Event: 96.779 Thread 0x00000235d46243b0 DEOPT UNPACKING pc=0x00000235a5987124 sp=0x00000072daaf8858 mode 0

Classes unloaded (0 events):
No events

Classes redefined (0 events):
No events

Internal exceptions (20 events):
Event: 89.367 Thread 0x00000235d46243b0 Exception <a 'java/lang/ClassNotFoundException'{0x00000000875b97f0}: org/gradle/api/internal/DefaultNamedDomainObjectListBeanInfo> (0x00000000875b97f0) 
thrown [s\src\hotspot\share\classfile\systemDictionary.cpp, line 256]
Event: 89.368 Thread 0x00000235d46243b0 Exception <a 'java/lang/ClassNotFoundException'{0x00000000875cfbe0}: org/gradle/api/internal/DefaultNamedDomainObjectCollectionBeanInfo> (0x00000000875cfbe0) 
thrown [s\src\hotspot\share\classfile\systemDictionary.cpp, line 256]
Event: 89.370 Thread 0x00000235d46243b0 Exception <a 'java/lang/ClassNotFoundException'{0x00000000875e5b40}: org/gradle/api/internal/DefaultDomainObjectCollectionBeanInfo> (0x00000000875e5b40) 
thrown [s\src\hotspot\share\classfile\systemDictionary.cpp, line 256]
Event: 89.370 Thread 0x00000235d46243b0 Exception <a 'java/lang/ClassNotFoundException'{0x00000000875ed928}: java/util/AbstractCollectionBeanInfo> (0x00000000875ed928) 
thrown [s\src\hotspot\share\classfile\systemDictionary.cpp, line 256]
Event: 89.370 Thread 0x00000235d46243b0 Exception <a 'java/lang/ClassNotFoundException'{0x00000000875f56d8}: java/util/AbstractCollectionCustomizer> (0x00000000875f56d8) 
thrown [s\src\hotspot\share\classfile\systemDictionary.cpp, line 256]
Event: 89.378 Thread 0x00000235d46243b0 Exception <a 'java/lang/ClassNotFoundException'{0x0000000087415680}: org/gradle/api/internal/DefaultDomainObjectCollectionCustomizer> (0x0000000087415680) 
thrown [s\src\hotspot\share\classfile\systemDictionary.cpp, line 256]
Event: 89.387 Thread 0x00000235d46243b0 Exception <a 'java/lang/ClassNotFoundException'{0x000000008744bad8}: org/gradle/api/internal/DefaultNamedDomainObjectCollectionCustomizer> (0x000000008744bad8) 
thrown [s\src\hotspot\share\classfile\systemDictionary.cpp, line 256]
Event: 89.392 Thread 0x00000235d46243b0 Exception <a 'java/lang/ClassNotFoundException'{0x000000008748abc8}: org/gradle/api/internal/DefaultNamedDomainObjectListCustomizer> (0x000000008748abc8) 
thrown [s\src\hotspot\share\classfile\systemDictionary.cpp, line 256]
Event: 89.399 Thread 0x00000235d46243b0 Exception <a 'java/lang/ClassNotFoundException'{0x00000000874c1328}: org/gradle/api/internal/artifacts/DefaultArtifactRepositoryContainerCustomizer> (0x00000000874c1328) 
thrown [s\src\hotspot\share\classfile\systemDictionary.cpp, line 256]
Event: 89.403 Thread 0x00000235d46243b0 Exception <a 'java/lang/ClassNotFoundException'{0x00000000874ebc18}: org/gradle/api/internal/artifacts/dsl/DefaultRepositoryHandlerCustomizer> (0x00000000874ebc18) 
thrown [s\src\hotspot\share\classfile\systemDictionary.cpp, line 256]
Event: 89.457 Thread 0x00000235d46243b0 Exception <a 'java/lang/ClassNotFoundException'{0x0000000087324440}: org/gradle/api/internal/artifacts/dsl/DefaultRepositoryHandler_DecoratedCustomizer> (0x0000000087324440) 
thrown [s\src\hotspot\share\classfile\systemDictionary.cpp, line 256]
Event: 89.484 Thread 0x00000235d46243b0 Exception <a 'java/lang/ClassNotFoundException'{0x00000000873cd180}: org/gradle/api/internal/artifacts/dsl/dependencies/DefaultDependencyHandler_DecoratedBeanInfo> (0x00000000873cd180) 
thrown [s\src\hotspot\share\classfile\systemDictionary.cpp, line 256]
Event: 89.485 Thread 0x00000235d46243b0 Exception <a 'java/lang/ClassNotFoundException'{0x00000000873e5210}: org/gradle/api/internal/artifacts/dsl/dependencies/DefaultDependencyHandlerBeanInfo> (0x00000000873e5210) 
thrown [s\src\hotspot\share\classfile\systemDictionary.cpp, line 256]
Event: 89.487 Thread 0x00000235d46243b0 Exception <a 'java/lang/ClassNotFoundException'{0x00000000873fcd10}: org/gradle/api/internal/artifacts/dsl/dependencies/DefaultDependencyHandlerCustomizer> (0x00000000873fcd10) 
thrown [s\src\hotspot\share\classfile\systemDictionary.cpp, line 256]
Event: 89.492 Thread 0x00000235d46243b0 Exception <a 'java/lang/ClassNotFoundException'{0x000000008723ce18}: org/gradle/api/internal/artifacts/dsl/dependencies/DefaultDependencyHandler_DecoratedCustomizer> (0x000000008723ce18) 
thrown [s\src\hotspot\share\classfile\systemDictionary.cpp, line 256]
Event: 91.791 Thread 0x00000235d5c0ad70 Exception <a 'sun/nio/fs/WindowsException'{0x00000000899896c0}> (0x00000000899896c0) 
thrown [s\src\hotspot\share\prims\jni.cpp, line 516]
Event: 91.793 Thread 0x00000235d5c0ad70 Exception <a 'sun/nio/fs/WindowsException'{0x000000008998bd98}> (0x000000008998bd98) 
thrown [s\src\hotspot\share\prims\jni.cpp, line 516]
Event: 91.793 Thread 0x00000235d5c0ad70 Exception <a 'sun/nio/fs/WindowsException'{0x000000008998e220}> (0x000000008998e220) 
thrown [s\src\hotspot\share\prims\jni.cpp, line 516]
Event: 91.795 Thread 0x00000235d5c0ad70 Exception <a 'sun/nio/fs/WindowsException'{0x000000008999e678}> (0x000000008999e678) 
thrown [s\src\hotspot\share\prims\jni.cpp, line 516]
Event: 92.867 Thread 0x00000235d5c084f0 Implicit null exception at 0x00000235a63d8eb3 to 0x00000235a63d94ec

VM Operations (20 events):
Event: 91.872 Executing VM operation: ICBufferFull
Event: 91.876 Executing VM operation: ICBufferFull done
Event: 92.890 Executing VM operation: Cleanup
Event: 92.890 Executing VM operation: Cleanup done
Event: 93.178 Executing VM operation: G1CollectForAllocation
Event: 93.204 Executing VM operation: G1CollectForAllocation done
Event: 94.214 Executing VM operation: Cleanup
Event: 94.214 Executing VM operation: Cleanup done
Event: 94.410 Executing VM operation: G1CollectForAllocation
Event: 94.429 Executing VM operation: G1CollectForAllocation done
Event: 95.442 Executing VM operation: Cleanup
Event: 95.442 Executing VM operation: Cleanup done
Event: 95.604 Executing VM operation: HandshakeAllThreads
Event: 95.605 Executing VM operation: HandshakeAllThreads done
Event: 95.707 Executing VM operation: G1CollectForAllocation
Event: 95.720 Executing VM operation: G1CollectForAllocation done
Event: 96.018 Executing VM operation: HandshakeAllThreads
Event: 96.019 Executing VM operation: HandshakeAllThreads done
Event: 96.116 Executing VM operation: HandshakeAllThreads
Event: 96.117 Executing VM operation: HandshakeAllThreads done

Events (20 events):
Event: 96.136 Thread 0x00000235b4849630 flushing nmethod 0x000002359f3d1d10
Event: 96.136 Thread 0x00000235b4849630 flushing nmethod 0x000002359f3d2c10
Event: 96.136 Thread 0x00000235b4849630 flushing nmethod 0x000002359f3d9390
Event: 96.136 Thread 0x00000235b4849630 flushing nmethod 0x000002359f3ec190
Event: 96.136 Thread 0x00000235b4849630 flushing nmethod 0x000002359f3f1e90
Event: 96.136 Thread 0x00000235b4849630 flushing nmethod 0x000002359f409710
Event: 96.136 Thread 0x00000235b4849630 flushing nmethod 0x000002359f412290
Event: 96.136 Thread 0x00000235b4849630 flushing nmethod 0x000002359f414890
Event: 96.136 Thread 0x00000235b4849630 flushing nmethod 0x000002359f440a90
Event: 96.136 Thread 0x00000235b4849630 flushing nmethod 0x000002359f458390
Event: 96.136 Thread 0x00000235b4849630 flushing nmethod 0x000002359f458710
Event: 96.136 Thread 0x00000235b4849630 flushing nmethod 0x000002359f459190
Event: 96.136 Thread 0x00000235b4849630 flushing nmethod 0x000002359f48e310
Event: 96.137 Thread 0x00000235b4849630 flushing nmethod 0x000002359f4e8390
Event: 96.137 Thread 0x00000235b4849630 flushing nmethod 0x000002359f4efb10
Event: 96.137 Thread 0x00000235b4849630 flushing nmethod 0x000002359f4f6110
Event: 96.137 Thread 0x00000235b4849630 flushing nmethod 0x000002359f536510
Event: 96.138 Thread 0x00000235b4849630 flushing nmethod 0x000002359f673010
Event: 96.138 Thread 0x00000235b4849630 flushing nmethod 0x000002359f6a8590
Event: 96.139 Thread 0x00000235b4849630 flushing nmethod 0x000002359f782e90


Dynamic libraries:
0x00007ff6426e0000 - 0x00007ff6426ee000 	C:\Program Files\Microsoft\jdk-17.0.8.7-hotspot\bin\java.exe
0x00007ff84d4a0000 - 0x00007ff84d6a9000 	C:\Windows\SYSTEM32\ntdll.dll
0x00007ff84c900000 - 0x00007ff84c9bd000 	C:\Windows\System32\KERNEL32.DLL
0x00007ff84af60000 - 0x00007ff84b2e4000 	C:\Windows\System32\KERNELBASE.dll
0x00007ff84abc0000 - 0x00007ff84acd1000 	C:\Windows\System32\ucrtbase.dll
0x00007ff833f20000 - 0x00007ff833f37000 	C:\Program Files\Microsoft\jdk-17.0.8.7-hotspot\bin\jli.dll
0x00007ff84c9c0000 - 0x00007ff84cb6d000 	C:\Windows\System32\USER32.dll
0x00007ff84ace0000 - 0x00007ff84ad06000 	C:\Windows\System32\win32u.dll
0x00007ff84bbc0000 - 0x00007ff84bbea000 	C:\Windows\System32\GDI32.dll
0x00007ff84ad80000 - 0x00007ff84ae9e000 	C:\Windows\System32\gdi32full.dll
0x00007ff84a9b0000 - 0x00007ff84aa4d000 	C:\Windows\System32\msvcp_win.dll
0x00007ff833830000 - 0x00007ff83384b000 	C:\Program Files\Microsoft\jdk-17.0.8.7-hotspot\bin\VCRUNTIME140.dll
0x00007ff849af0000 - 0x00007ff849d95000 	C:\Windows\WinSxS\amd64_microsoft.windows.common-controls_6595b64144ccf1df_6.0.22000.120_none_9d947278b86cc467\COMCTL32.dll
0x00007ff84b4c0000 - 0x00007ff84b563000 	C:\Windows\System32\msvcrt.dll
0x00007ff84c500000 - 0x00007ff84c531000 	C:\Windows\System32\IMM32.DLL
0x00007ff846dd0000 - 0x00007ff846ddc000 	C:\Program Files\Microsoft\jdk-17.0.8.7-hotspot\bin\vcruntime140_1.dll
0x00007ff81b680000 - 0x00007ff81b70d000 	C:\Program Files\Microsoft\jdk-17.0.8.7-hotspot\bin\msvcp140.dll
0x00007fffd2f00000 - 0x00007fffd3b65000 	C:\Program Files\Microsoft\jdk-17.0.8.7-hotspot\bin\server\jvm.dll
0x00007ff84d330000 - 0x00007ff84d3de000 	C:\Windows\System32\ADVAPI32.dll
0x00007ff84d270000 - 0x00007ff84d30e000 	C:\Windows\System32\sechost.dll
0x00007ff84bbf0000 - 0x00007ff84bd11000 	C:\Windows\System32\RPCRT4.dll
0x00007ff84a5a0000 - 0x00007ff84a5ed000 	C:\Windows\SYSTEM32\POWRPROF.dll
0x00007ff82c650000 - 0x00007ff82c659000 	C:\Windows\SYSTEM32\WSOCK32.dll
0x00007ff84c890000 - 0x00007ff84c8ff000 	C:\Windows\System32\WS2_32.dll
0x00007ff842100000 - 0x00007ff842133000 	C:\Windows\SYSTEM32\WINMM.dll
0x00007ff8403a0000 - 0x00007ff8403aa000 	C:\Windows\SYSTEM32\VERSION.dll
0x00007ff84a560000 - 0x00007ff84a573000 	C:\Windows\SYSTEM32\UMPDC.dll
0x00007ff849660000 - 0x00007ff849678000 	C:\Windows\SYSTEM32\kernel.appcore.dll
0x00007ff842520000 - 0x00007ff84252a000 	C:\Program Files\Microsoft\jdk-17.0.8.7-hotspot\bin\jimage.dll
0x00007ff84a0c0000 - 0x00007ff84a2e1000 	C:\Windows\SYSTEM32\DBGHELP.DLL
0x00007ff849e50000 - 0x00007ff849e81000 	C:\Windows\SYSTEM32\dbgcore.DLL
0x00007ff84a930000 - 0x00007ff84a9af000 	C:\Windows\System32\bcryptPrimitives.dll
0x00007ff8334b0000 - 0x00007ff8334be000 	C:\Program Files\Microsoft\jdk-17.0.8.7-hotspot\bin\instrument.dll
0x00007ff833800000 - 0x00007ff833825000 	C:\Program Files\Microsoft\jdk-17.0.8.7-hotspot\bin\java.dll
0x00007ff808b90000 - 0x00007ff808c67000 	C:\Program Files\Microsoft\jdk-17.0.8.7-hotspot\bin\jsvml.dll
0x00007ff84bd30000 - 0x00007ff84c4f5000 	C:\Windows\System32\SHELL32.dll
0x00007ff847b40000 - 0x00007ff8483a2000 	C:\Windows\SYSTEM32\windows.storage.dll
0x00007ff84cd70000 - 0x00007ff84d0e6000 	C:\Windows\System32\combase.dll
0x00007ff8479d0000 - 0x00007ff847b37000 	C:\Windows\SYSTEM32\wintypes.dll
0x00007ff84b570000 - 0x00007ff84b65a000 	C:\Windows\System32\SHCORE.dll
0x00007ff84b6d0000 - 0x00007ff84b72d000 	C:\Windows\System32\shlwapi.dll
0x00007ff84a860000 - 0x00007ff84a885000 	C:\Windows\SYSTEM32\profapi.dll
0x00007ff833020000 - 0x00007ff833038000 	C:\Program Files\Microsoft\jdk-17.0.8.7-hotspot\bin\zip.dll
0x00007ff8337e0000 - 0x00007ff8337f9000 	C:\Program Files\Microsoft\jdk-17.0.8.7-hotspot\bin\net.dll
0x00007ff843460000 - 0x00007ff843574000 	C:\Windows\SYSTEM32\WINHTTP.dll
0x00007ff8497f0000 - 0x00007ff849857000 	C:\Windows\system32\mswsock.dll
0x00007ff8333c0000 - 0x00007ff8333d6000 	C:\Program Files\Microsoft\jdk-17.0.8.7-hotspot\bin\nio.dll
0x00007ff839b70000 - 0x00007ff839b80000 	C:\Program Files\Microsoft\jdk-17.0.8.7-hotspot\bin\verify.dll
0x00007ff824420000 - 0x00007ff824447000 	C:\Users\manzo\.gradle\native\c067742578af261105cb4f569cf0c3c89f3d7b1fecec35dd04571415982c5e48\windows-amd64\native-platform.dll
0x00007ff806eb0000 - 0x00007ff806ff4000 	C:\Users\manzo\.gradle\native\100fb08df4bc3b14c8652ba06237920a3bd2aa13389f12d3474272988ae205f9\windows-amd64\native-platform-file-events.dll
0x00007ff834410000 - 0x00007ff834419000 	C:\Program Files\Microsoft\jdk-17.0.8.7-hotspot\bin\management.dll
0x00007ff8343f0000 - 0x00007ff8343fb000 	C:\Program Files\Microsoft\jdk-17.0.8.7-hotspot\bin\management_ext.dll
0x00007ff84c540000 - 0x00007ff84c548000 	C:\Windows\System32\PSAPI.DLL
0x00007ff84a580000 - 0x00007ff84a598000 	C:\Windows\SYSTEM32\CRYPTSP.dll
0x00007ff848b30000 - 0x00007ff848b65000 	C:\Windows\system32\rsaenh.dll
0x00007ff849880000 - 0x00007ff8498ac000 	C:\Windows\SYSTEM32\USERENV.dll
0x00007ff849e90000 - 0x00007ff849eb7000 	C:\Windows\SYSTEM32\bcrypt.dll
0x00007ff8499d0000 - 0x00007ff8499dc000 	C:\Windows\SYSTEM32\CRYPTBASE.dll
0x00007ff848680000 - 0x00007ff8486ad000 	C:\Windows\SYSTEM32\IPHLPAPI.DLL
0x00007ff84b730000 - 0x00007ff84b739000 	C:\Windows\System32\NSI.dll
0x00007ff842c20000 - 0x00007ff842c39000 	C:\Windows\SYSTEM32\dhcpcsvc6.DLL
0x00007ff844d20000 - 0x00007ff844d3e000 	C:\Windows\SYSTEM32\dhcpcsvc.DLL
0x00007ff8486b0000 - 0x00007ff848797000 	C:\Windows\SYSTEM32\DNSAPI.dll
0x00007ff833430000 - 0x00007ff83343e000 	C:\Program Files\Microsoft\jdk-17.0.8.7-hotspot\bin\sunmscapi.dll
0x00007ff84aa50000 - 0x00007ff84abb2000 	C:\Windows\System32\CRYPT32.dll
0x00007ff849e20000 - 0x00007ff849e48000 	C:\Windows\SYSTEM32\ncrypt.dll
0x00007ff849de0000 - 0x00007ff849e17000 	C:\Windows\SYSTEM32\NTASN1.dll
0x00007ff842530000 - 0x00007ff842538000 	C:\Windows\system32\wshunix.dll
0x0000000059be0000 - 0x0000000059c06000 	C:\Program Files\Bonjour\mdnsNSP.dll
0x00007ff82e3e0000 - 0x00007ff82e3ea000 	C:\Windows\System32\rasadhlp.dll
0x00007ff83d080000 - 0x00007ff83d101000 	C:\Windows\System32\fwpuclnt.dll
0x00007ff8280f0000 - 0x00007ff828107000 	C:\Windows\system32\napinsp.dll
0x00007ff8280d0000 - 0x00007ff8280eb000 	C:\Windows\system32\pnrpnsp.dll
0x00007ff828070000 - 0x00007ff828082000 	C:\Windows\System32\winrnr.dll
0x00007ff828050000 - 0x00007ff828065000 	C:\Windows\system32\wshbth.dll
0x00007ff828030000 - 0x00007ff82804f000 	C:\Windows\system32\nlansp_c.dll

dbghelp: loaded successfully - version: 4.0.5 - missing functions: none
symbol engine: initialized successfully - sym options: 0x614 - pdb path: .;C:\Program Files\Microsoft\jdk-17.0.8.7-hotspot\bin;C:\Windows\SYSTEM32;C:\Windows\WinSxS\amd64_microsoft.windows.common-controls_6595b64144ccf1df_6.0.22000.120_none_9d947278b86cc467;C:\Program Files\Microsoft\jdk-17.0.8.7-hotspot\bin\server;C:\Users\manzo\.gradle\native\c067742578af261105cb4f569cf0c3c89f3d7b1fecec35dd04571415982c5e48\windows-amd64;C:\Users\manzo\.gradle\native\100fb08df4bc3b14c8652ba06237920a3bd2aa13389f12d3474272988ae205f9\windows-amd64;C:\Program Files\Bonjour

VM Arguments:
jvm_args: -XX:MaxMetaspaceSize=512m --add-opens=java.base/java.util=ALL-UNNAMED --add-opens=java.base/java.lang=ALL-UNNAMED --add-opens=java.base/java.lang.invoke=ALL-UNNAMED --add-opens=java.prefs/java.util.prefs=ALL-UNNAMED --add-opens=java.base/java.nio.charset=ALL-UNNAMED --add-opens=java.base/java.net=ALL-UNNAMED --add-opens=java.base/java.util.concurrent.atomic=ALL-UNNAMED -Xmx2048m -Dfile.encoding=windows-1252 -Duser.country=US -Duser.language=en -Duser.variant -javaagent:C:\Users\manzo\.gradle\wrapper\dists\gradle-8.8-all\6gdy1pgp427xkqcjbxw3ylt6h\gradle-8.8\lib\agents\gradle-instrumentation-agent-8.8.jar 
java_command: org.gradle.launcher.daemon.bootstrap.GradleDaemon 8.8
java_class_path (initial): C:\Users\manzo\.gradle\wrapper\dists\gradle-8.8-all\6gdy1pgp427xkqcjbxw3ylt6h\gradle-8.8\lib\gradle-launcher-8.8.jar
Launcher Type: SUN_STANDARD

[Global flags]
     intx CICompilerCount                          = 2                                         {product} {ergonomic}
   size_t CompressedClassSpaceSize                 = 436207616                                 {product} {ergonomic}
     uint ConcGCThreads                            = 1                                         {product} {ergonomic}
     uint G1ConcRefinementThreads                  = 2                                         {product} {ergonomic}
   size_t G1HeapRegionSize                         = 1048576                                   {product} {ergonomic}
    uintx GCDrainStackTargetSize                   = 64                                        {product} {ergonomic}
   size_t InitialHeapSize                          = 65011712                                  {product} {ergonomic}
   size_t MarkStackSize                            = 4194304                                   {product} {ergonomic}
   size_t MaxHeapSize                              = 2147483648                                {product} {command line}
   size_t MaxMetaspaceSize                         = 536870912                                 {product} {command line}
   size_t MaxNewSize                               = 1287651328                                {product} {ergonomic}
   size_t MinHeapDeltaBytes                        = 1048576                                   {product} {ergonomic}
   size_t MinHeapSize                              = 8388608                                   {product} {ergonomic}
    uintx NonNMethodCodeHeapSize                   = 5826188                                {pd product} {ergonomic}
    uintx NonProfiledCodeHeapSize                  = 122916026                              {pd product} {ergonomic}
    uintx ProfiledCodeHeapSize                     = 122916026                              {pd product} {ergonomic}
    uintx ReservedCodeCacheSize                    = 251658240                              {pd product} {ergonomic}
     bool SegmentedCodeCache                       = true                                      {product} {ergonomic}
   size_t SoftMaxHeapSize                          = 2147483648                             {manageable} {ergonomic}
     bool UseCompressedClassPointers               = true                           {product lp64_product} {ergonomic}
     bool UseCompressedOops                        = true                           {product lp64_product} {ergonomic}
     bool UseG1GC                                  = true                                      {product} {ergonomic}
     bool UseLargePagesIndividualAllocation        = false                                  {pd product} {ergonomic}

Logging:
Log output configuration:
 #0: stdout all=warning uptime,level,tags
 #1: stderr all=off uptime,level,tags

Environment Variables:
JAVA_HOME=C:\Program Files\Microsoft\jdk-17.0.8.7-hotspot\
CLASSPATH=C:\Users\manzo\social\android\\gradle\wrapper\gradle-wrapper.jar
PATH=C:\Users\manzo\social\node_modules\.bin;C:\Users\manzo\social\node_modules\.bin;C:\Users\manzo\node_modules\.bin;C:\Users\node_modules\.bin;C:\node_modules\.bin;C:\Users\manzo\AppData\Roaming\npm\node_modules\npm\node_modules\@npmcli\run-script\lib\node-gyp-bin;C:\Users\manzo\social\node_modules\.bin;C:\Users\manzo\node_modules\.bin;C:\Users\node_modules\.bin;C:\node_modules\.bin;C:\Users\manzo\AppData\Roaming\npm\node_modules\npm\node_modules\@npmcli\run-script\lib\node-gyp-bin;C:\Program Files\Microsoft\jdk-17.0.8.7-hotspot\bin;C:\Windows\system32;C:\Windows;C:\Windows\System32\Wbem;C:\Windows\System32\WindowsPowerShell\v1.0\;C:\Windows\System32\OpenSSH\;C:\ProgramData\chocolatey\bin;C:\Users\manzo\AppData\Local\Android\Sdk\platform-tools;C:\Program Files\Git\cmd;C:\Program Files\nodejs\;C:\Program Files\MongoDB\Server\7.0\bin;C:\Users\manzo\AppData\Local\Android\Sdk\tools;C:\Users\manzo\AppData\Local\Programs\Python\Python312\Scripts\;C:\Users\manzo\AppData\Local\Programs\Python\Python312\;C:\Users\manzo\AppData\Local\Microsoft\WindowsApps;C:\Users\manzo\AppData\Local\Programs\Microsoft VS Code\bin;C:\Users\manzo\AppData\Roaming\npm;C:\Program Files\mongosh" ;C:\Users\manzo\AppData\Local\GitHubDesktop\bin
USERNAME=manzo
OS=Windows_NT
PROCESSOR_IDENTIFIER=Intel64 Family 6 Model 122 Stepping 1, GenuineIntel
TMP=C:\Users\manzo\AppData\Local\Temp
TEMP=C:\Users\manzo\AppData\Local\Temp



---------------  S Y S T E M  ---------------

OS:
 Windows 11 , 64 bit Build 22000 (10.0.22000.2538)
OS uptime: 13 days 3:52 hours
Hyper-V role detected

CPU: total 2 (initial active 2) (2 cores per cpu, 1 threads per core) family 6 model 122 stepping 1 microcode 0x34, cx8, cmov, fxsr, mmx, 3dnowpref, sse, sse2, sse3, ssse3, sse4.1, sse4.2, popcnt, tsc, tscinvbit, aes, erms, clmul, sha, clflush, clflushopt, hv
Processor Information for all 2 processors :
  Max Mhz: 1101, Current Mhz: 1101, Mhz Limit: 1101

Memory: 4k page, system-wide physical 3858M (430M free)
TotalPageFile size 13074M (AvailPageFile size 2894M)
current process WorkingSet (physical memory assigned to process): 300M, peak: 334M
current process commit charge ("private bytes"): 405M, peak: 406M

vm_info: OpenJDK 64-Bit Server VM (17.0.8+7-LTS) for windows-amd64 JRE (17.0.8+7-LTS), built on Jul  7 2023 17:21:55 by "MicrosoftCorporation" with MS VC++ 16.10 / 16.11 (VS2019)

END.
